#
# A fatal error has been detected by the Java Runtime Environment:
#
#  EXCEPTION_ACCESS_VIOLATION (0xc0000005) at pc=0x00007ffcfebcf8b6, pid=20016, tid=18228
#
# JRE version: OpenJDK Runtime Environment (15.0.2+7) (build 15.0.2+7-27)
# Java VM: OpenJDK 64-Bit Server VM (15.0.2+7-27, mixed mode, tiered, compressed oops, g1 gc, windows-amd64)
# Problematic frame:
# C  [msvcrt.dll+0x4f8b6]
#
# No core dump will be written. Minidumps are not enabled by default on client versions of Windows
#
# If you would like to submit a bug report, please visit:
#   https://bugreport.java.com/bugreport/crash.jsp
# The crash happened outside the Java Virtual Machine in native code.
# See problematic frame for where to report the bug.
#

---------------  S U M M A R Y ------------

Command Line: -Dfile.encoding=Cp1252 -XX:+ShowCodeDetailsInExceptionMessages main.Main

Host: Intel(R) Core(TM) i3-10100 CPU @ 3.60GHz, 8 cores, 15G,  Windows 10 , 64 bit Build 19041 (10.0.19041.1503)
Time: Sat Feb 26 20:32:03 2022 Central Standard Time elapsed time: 1.983576 seconds (0d 0h 0m 1s)

---------------  T H R E A D  ---------------

Current thread (0x00000194e52fc960):  JavaThread "Thread-0" [_thread_in_native, id=18228, stack(0x0000001d38000000,0x0000001d38100000)]

Stack: [0x0000001d38000000,0x0000001d38100000],  sp=0x0000001d380fe2f0,  free space=1016k
Native frames: (J=compiled Java code, j=interpreted, Vv=VM code, C=native code)
C  [msvcrt.dll+0x4f8b6]
C  [msvcrt.dll+0x475cb]
C  [libaparapi.dll+0x7cf9]

Java frames: (J=compiled Java code, j=interpreted, Vv=VM code)
j  com.aparapi.internal.jni.KernelRunnerJNI.runKernelJNI(JLcom/aparapi/Range;ZILjava/nio/ByteBuffer;Ljava/nio/ByteBuffer;)I+0
j  com.aparapi.internal.kernel.KernelRunner.executeOpenCL(Lcom/aparapi/device/Device;Lcom/aparapi/internal/kernel/KernelRunner$ExecutionSettings;)Lcom/aparapi/Kernel;+93
j  com.aparapi.internal.kernel.KernelRunner.executeInternalInner(Lcom/aparapi/internal/kernel/KernelRunner$ExecutionSettings;Lcom/aparapi/device/Device;Z)Lcom/aparapi/Kernel;+3555
j  com.aparapi.internal.kernel.KernelRunner.executeInternalOuter(Lcom/aparapi/internal/kernel/KernelRunner$ExecutionSettings;)Lcom/aparapi/Kernel;+4
j  com.aparapi.internal.kernel.KernelRunner.execute(Ljava/lang/String;Lcom/aparapi/Range;I)Lcom/aparapi/Kernel;+78
j  com.aparapi.Kernel.execute(Ljava/lang/String;Lcom/aparapi/Range;I)Lcom/aparapi/Kernel;+7
j  com.aparapi.Kernel.execute(Lcom/aparapi/Range;I)Lcom/aparapi/Kernel;+6
j  com.aparapi.Kernel.execute(Lcom/aparapi/Range;)Lcom/aparapi/Kernel;+3
j  state.NBody2.tick(Ljava/awt/Point;)V+228
j  state.StateManager.tick(Ljava/awt/Point;)V+16
j  main.MainPanel.tick()V+81
j  main.MainPanel.run()V+18
j  java.lang.Thread.run()V+11 java.base@15.0.2
v  ~StubRoutines::call_stub

siginfo: EXCEPTION_ACCESS_VIOLATION (0xc0000005), reading address 0x0000000000000001


Register to memory mapping:

RIP=0x00007ffcfebcf8b6 msvcrt.dll
RAX=0x0000000000000001 is an unknown value
RBX=0x0000000000000001 is an unknown value
RCX=0x000000007ffffffe is an unknown value
RDX=0x0000000000000073 is an unknown value
RSP=0x0000001d380fe2f0 is pointing into the stack for thread: 0x00000194e52fc960
RBP=0x0000001d380fe3f0 is pointing into the stack for thread: 0x00000194e52fc960
RSI=0x000000006451f1b7 libaparapi.dll
RDI=0x0000000000000073 is an unknown value
R8 =0xffffffffffffffff is an unknown value
R9 =0x0000000000000007 is an unknown value
R10=0x0 is NULL
R11=0x0000000000000200 is an unknown value
R12=0x00000000ffffffff is an unknown value
R13=0x0000001d380fe670 is pointing into the stack for thread: 0x00000194e52fc960
R14=0x0000000000000061 is an unknown value
R15=0x0 is NULL


Registers:
RAX=0x0000000000000001, RBX=0x0000000000000001, RCX=0x000000007ffffffe, RDX=0x0000000000000073
RSP=0x0000001d380fe2f0, RBP=0x0000001d380fe3f0, RSI=0x000000006451f1b7, RDI=0x0000000000000073
R8 =0xffffffffffffffff, R9 =0x0000000000000007, R10=0x0000000000000000, R11=0x0000000000000200
R12=0x00000000ffffffff, R13=0x0000001d380fe670, R14=0x0000000000000061, R15=0x0000000000000000
RIP=0x00007ffcfebcf8b6, EFLAGS=0x0000000000010202

Top of Stack: (sp=0x0000001d380fe2f0)
0x0000001d380fe2f0:   00000194ec4596e0 00000000ffffffaf
0x0000001d380fe300:   0000000000000051 0000000000000004
0x0000001d380fe310:   00000194c37b0000 0000001d380fe3d9
0x0000001d380fe320:   0000000000000002 00007ffd0075b3c7
0x0000001d380fe330:   0000019400000061 0000005100000000
0x0000001d380fe340:   0000000000000000 0000000700000000
0x0000001d380fe350:   0000000000000000 00007ffcfec0fa60
0x0000001d380fe360:   0000370c40acb833 0000000000000000
0x0000001d380fe370:   000000006451f1b7 0000001d380fe5c0
0x0000001d380fe380:   00007ffcfec0f0a0 00000194c37b4110
0x0000001d380fe390:   00000194ec452630 00000194ec473501
0x0000001d380fe3a0:   0000000064521fe0 00007ffd00755ba1
0x0000001d380fe3b0:   00000022c0000027 0000000000000000
0x0000001d380fe3c0:   00007ffcfe464f69 0000019400000004
0x0000001d380fe3d0:   00000194ec473540 0000001d380fe650
0x0000001d380fe3e0:   0000000064507c42 0000000000000002 

Instructions: (pc=0x00007ffcfebcf8b6)
0x00007ffcfebcf7b6:   f7 c7 30 08 00 00 75 05 41 0f ba ef 0b 49 83 c5
0x00007ffcfebcf7c6:   08 41 f7 c7 10 08 00 00 74 27 45 0f b7 4d f8 48
0x00007ffcfebcf7d6:   8d 55 b0 4d 8b c3 48 8d 4c 24 4c e8 ba 64 fb ff
0x00007ffcfebcf7e6:   45 33 d2 85 c0 74 19 c7 44 24 58 01 00 00 00 eb
0x00007ffcfebcf7f6:   0f 41 8a 45 f8 88 45 b0 c7 44 24 4c 01 00 00 00
0x00007ffcfebcf806:   48 8d 5d b0 e9 4a 03 00 00 c7 44 24 64 01 00 00
0x00007ffcfebcf816:   00 40 80 c7 20 41 83 cf 40 48 8d 5d b0 45 8b f3
0x00007ffcfebcf826:   45 85 e4 0f 89 34 02 00 00 41 bc 06 00 00 00 e9
0x00007ffcfebcf836:   78 02 00 00 40 80 ff 67 7e db 40 80 ff 69 0f 84
0x00007ffcfebcf846:   fb 00 00 00 40 80 ff 6e 0f 84 bd 00 00 00 40 80
0x00007ffcfebcf856:   ff 6f 0f 84 a3 00 00 00 40 80 ff 70 74 69 40 80
0x00007ffcfebcf866:   ff 73 0f 84 01 ff ff ff 40 80 ff 75 0f 84 d1 00
0x00007ffcfebcf876:   00 00 40 80 ff 78 0f 85 d7 02 00 00 b8 27 00 00
0x00007ffcfebcf886:   00 eb 54 ff c9 66 44 39 10 74 08 48 83 c0 02 85
0x00007ffcfebcf896:   c9 75 f0 48 2b c3 48 d1 f8 eb 23 48 85 db 48 8d
0x00007ffcfebcf8a6:   05 71 c7 02 00 48 0f 45 c3 48 8b d8 eb 0a ff c9
0x00007ffcfebcf8b6:   44 38 10 74 07 48 ff c0 85 c9 75 f2 2b c3 89 44
0x00007ffcfebcf8c6:   24 4c e9 8c 02 00 00 41 bc 10 00 00 00 41 0f ba
0x00007ffcfebcf8d6:   ef 0f b8 07 00 00 00 89 44 24 60 45 84 ff 79 13
0x00007ffcfebcf8e6:   04 51 c6 44 24 44 30 88 44 24 45 c7 44 24 48 02
0x00007ffcfebcf8f6:   00 00 00 41 ba 10 00 00 00 eb 4e 41 ba 08 00 00
0x00007ffcfebcf906:   00 45 84 ff 79 43 45 0b fb eb 3e 49 8b 7d 00 49
0x00007ffcfebcf916:   83 c5 08 e8 36 fa ff ff 45 33 d2 85 c0 0f 84 b4
0x00007ffcfebcf926:   05 00 00 41 f6 c7 20 74 06 66 44 89 37 eb 03 44
0x00007ffcfebcf936:   89 37 c7 44 24 58 01 00 00 00 e9 59 03 00 00 41
0x00007ffcfebcf946:   83 cf 40 41 ba 0a 00 00 00 49 83 c5 08 41 0f ba
0x00007ffcfebcf956:   e7 0f 72 07 41 0f ba e7 0c 73 06 49 8b 45 f8 eb
0x00007ffcfebcf966:   2c 41 8b c7 83 e0 40 41 f6 c7 20 74 12 85 c0 74
0x00007ffcfebcf976:   07 49 0f bf 45 f8 eb 15 41 0f b7 45 f8 eb 0e 85
0x00007ffcfebcf986:   c0 74 06 49 63 45 f8 eb 04 41 8b 45 f8 41 f6 c7
0x00007ffcfebcf996:   40 74 0d 48 85 c0 79 08 48 f7 d8 41 0f ba ef 08
0x00007ffcfebcf9a6:   41 f7 c7 00 90 00 00 44 8b c0 bf 00 02 00 00 4c 


Stack slot to memory mapping:
stack at sp + 0 slots: 0x00000194ec4596e0 points into unknown readable memory: 0x6f206c656e72654b | 4b 65 72 6e 65 6c 20 6f
stack at sp + 1 slots: 0x00000000ffffffaf is an unknown value
stack at sp + 2 slots: 0x0000000000000051 is an unknown value
stack at sp + 3 slots: 0x0000000000000004 is an unknown value
stack at sp + 4 slots: 0x00000194c37b0000 points into unknown readable memory: 0x0000000000000000 | 00 00 00 00 00 00 00 00
stack at sp + 5 slots: 0x0000001d380fe3d9 is pointing into the stack for thread: 0x00000194e52fc960
stack at sp + 6 slots: 0x0000000000000002 is an unknown value
stack at sp + 7 slots: 0x00007ffd0075b3c7 ntdll.dll


---------------  P R O C E S S  ---------------

Threads class SMR info:
_java_thread_list=0x00000194e5e39230, length=19, elements={
0x00000194e512e010, 0x00000194e5130e60, 0x00000194e51520c0, 0x00000194e5154990,
0x00000194e5156bf0, 0x00000194e515e120, 0x00000194e515f2b0, 0x00000194e5172c10,
0x00000194e52fb150, 0x00000194e52fd7d0, 0x00000194e52fa2e0, 0x00000194e52fa7b0,
0x00000194e52fd300, 0x00000194e52fc960, 0x00000194e52fdca0, 0x00000194e52fbaf0,
0x00000194e52fbfc0, 0x00000194edb2c240, 0x00000194edb2a3e0
}

Java Threads: ( => current thread )
  0x00000194e512e010 JavaThread "Reference Handler" daemon [_thread_blocked, id=16728, stack(0x0000001d37000000,0x0000001d37100000)]
  0x00000194e5130e60 JavaThread "Finalizer" daemon [_thread_blocked, id=5688, stack(0x0000001d37100000,0x0000001d37200000)]
  0x00000194e51520c0 JavaThread "Signal Dispatcher" daemon [_thread_blocked, id=19288, stack(0x0000001d37200000,0x0000001d37300000)]
  0x00000194e5154990 JavaThread "Attach Listener" daemon [_thread_blocked, id=19808, stack(0x0000001d37300000,0x0000001d37400000)]
  0x00000194e5156bf0 JavaThread "Service Thread" daemon [_thread_blocked, id=10448, stack(0x0000001d37400000,0x0000001d37500000)]
  0x00000194e515e120 JavaThread "C2 CompilerThread0" daemon [_thread_blocked, id=17220, stack(0x0000001d37500000,0x0000001d37600000)]
  0x00000194e515f2b0 JavaThread "C1 CompilerThread0" daemon [_thread_blocked, id=17836, stack(0x0000001d37600000,0x0000001d37700000)]
  0x00000194e5172c10 JavaThread "Sweeper thread" daemon [_thread_blocked, id=16880, stack(0x0000001d37700000,0x0000001d37800000)]
  0x00000194e52fb150 JavaThread "Notification Thread" daemon [_thread_blocked, id=17344, stack(0x0000001d37800000,0x0000001d37900000)]
  0x00000194e52fd7d0 JavaThread "Common-Cleaner" daemon [_thread_blocked, id=1524, stack(0x0000001d37a00000,0x0000001d37b00000)]
  0x00000194e52fa2e0 JavaThread "Java2D Disposer" daemon [_thread_blocked, id=7048, stack(0x0000001d37b00000,0x0000001d37c00000)]
  0x00000194e52fa7b0 JavaThread "AWT-Shutdown" [_thread_blocked, id=20208, stack(0x0000001d37c00000,0x0000001d37d00000)]
  0x00000194e52fd300 JavaThread "AWT-Windows" daemon [_thread_in_native, id=12684, stack(0x0000001d37d00000,0x0000001d37e00000)]
=>0x00000194e52fc960 JavaThread "Thread-0" [_thread_in_native, id=18228, stack(0x0000001d38000000,0x0000001d38100000)]
  0x00000194e52fdca0 JavaThread "AWT-EventQueue-0" [_thread_blocked, id=18152, stack(0x0000001d38100000,0x0000001d38200000)]
  0x00000194e52fbaf0 JavaThread "DestroyJavaVM" [_thread_blocked, id=16592, stack(0x0000001d36900000,0x0000001d36a00000)]
  0x00000194e52fbfc0 JavaThread "D3D Screen Updater" daemon [_thread_blocked, id=19324, stack(0x0000001d38200000,0x0000001d38300000)]
  0x00000194edb2c240 JavaThread "C2 CompilerThread1" daemon [_thread_blocked, id=20268, stack(0x0000001d38310000,0x0000001d38410000)]
  0x00000194edb2a3e0 JavaThread "C2 CompilerThread2" daemon [_thread_blocked, id=17060, stack(0x0000001d38410000,0x0000001d38510000)]

Other Threads:
  0x00000194e50f74e0 VMThread "VM Thread" [stack: 0x0000001d36f00000,0x0000001d37000000] [id=16468]
  0x00000194e52f1490 WatcherThread [stack: 0x0000001d37900000,0x0000001d37a00000] [id=8736]
  0x00000194c59c0c90 GCTaskThread "GC Thread#0" [stack: 0x0000001d36a00000,0x0000001d36b00000] [id=292]
  0x00000194e5bcf6a0 GCTaskThread "GC Thread#1" [stack: 0x0000001d38510000,0x0000001d38610000] [id=17884]
  0x00000194e5bce380 GCTaskThread "GC Thread#2" [stack: 0x0000001d38610000,0x0000001d38710000] [id=10204]
  0x00000194e5bcf370 GCTaskThread "GC Thread#3" [stack: 0x0000001d38710000,0x0000001d38810000] [id=16108]
  0x00000194e5bcf9d0 GCTaskThread "GC Thread#4" [stack: 0x0000001d38810000,0x0000001d38910000] [id=14728]
  0x00000194e5bd09c0 GCTaskThread "GC Thread#5" [stack: 0x0000001d38910000,0x0000001d38a10000] [id=18800]
  0x00000194e5bcf040 GCTaskThread "GC Thread#6" [stack: 0x0000001d38a10000,0x0000001d38b10000] [id=14076]
  0x00000194e5bd1680 GCTaskThread "GC Thread#7" [stack: 0x0000001d38b10000,0x0000001d38c10000] [id=15756]
  0x00000194c59d34f0 ConcurrentGCThread "G1 Main Marker" [stack: 0x0000001d36b00000,0x0000001d36c00000] [id=17948]
  0x00000194c59d50f0 ConcurrentGCThread "G1 Conc#0" [stack: 0x0000001d36c00000,0x0000001d36d00000] [id=18992]
  0x00000194e47220c0 ConcurrentGCThread "G1 Refine#0" [stack: 0x0000001d36d00000,0x0000001d36e00000] [id=13520]
  0x00000194e4723b70 ConcurrentGCThread "G1 Young RemSet Sampling" [stack: 0x0000001d36e00000,0x0000001d36f00000] [id=19280]

Threads with active compile tasks:

VM state: not at safepoint (normal execution)

VM Mutex/Monitor currently owned by a thread: None

Heap address: 0x0000000701200000, size: 4078 MB, Compressed Oops mode: Zero based, Oop shift amount: 3
CDS disabled.
Compressed class space mapped at: 0x0000000800000000-0x0000000840000000, size: 1073741824
Narrow klass base: 0x0000000800000000, Narrow klass shift: 0, Narrow klass range: 0x40000000

GC Precious Log:
 CPUs: 8 total, 8 available
 Memory: 16310M
 Large Page Support: Disabled
 NUMA Support: Disabled
 Compressed Oops: Enabled (Zero based)
 Heap Region Size: 2M
 Heap Min Capacity: 8M
 Heap Initial Capacity: 256M
 Heap Max Capacity: 4078M
 Pre-touch: Disabled
 Parallel Workers: 8
 Concurrent Workers: 2
 Concurrent Refinement Workers: 8
 Periodic GC: Disabled

Heap:
 garbage-first heap   total 262144K, used 98325K [0x0000000701200000, 0x0000000800000000)
  region size 2048K, 4 young (8192K), 2 survivors (4096K)
 Metaspace       used 18836K, capacity 19068K, committed 19328K, reserved 1067008K
  class space    used 2028K, capacity 2096K, committed 2176K, reserved 1048576K

Heap Regions: E=young(eden), S=young(survivor), O=old, HS=humongous(starts), HC=humongous(continues), CS=collection set, F=free, OA=open archive, CA=closed archive, TAMS=top-at-mark-start (previous, next)
|   0|0x0000000701200000, 0x0000000701400000, 0x0000000701400000|100%|HS|  |TAMS 0x0000000701200000, 0x0000000701200000| Complete 
|   1|0x0000000701400000, 0x0000000701600000, 0x0000000701600000|100%|HS|  |TAMS 0x0000000701400000, 0x0000000701400000| Complete 
|   2|0x0000000701600000, 0x0000000701800000, 0x0000000701800000|100%|HS|  |TAMS 0x0000000701600000, 0x0000000701600000| Complete 
|   3|0x0000000701800000, 0x0000000701a00000, 0x0000000701a00000|100%|HS|  |TAMS 0x0000000701800000, 0x0000000701800000| Complete 
|   4|0x0000000701a00000, 0x0000000701c00000, 0x0000000701c00000|100%|HS|  |TAMS 0x0000000701a00000, 0x0000000701a00000| Complete 
|   5|0x0000000701c00000, 0x0000000701e00000, 0x0000000701e00000|100%|HS|  |TAMS 0x0000000701c00000, 0x0000000701c00000| Complete 
|   6|0x0000000701e00000, 0x0000000702000000, 0x0000000702000000|100%|HS|  |TAMS 0x0000000701e00000, 0x0000000701e00000| Complete 
|   7|0x0000000702000000, 0x0000000702200000, 0x0000000702200000|100%|HS|  |TAMS 0x0000000702000000, 0x0000000702000000| Complete 
|   8|0x0000000702200000, 0x0000000702400000, 0x0000000702400000|100%|HS|  |TAMS 0x0000000702200000, 0x0000000702200000| Complete 
|   9|0x0000000702400000, 0x0000000702600000, 0x0000000702600000|100%|HS|  |TAMS 0x0000000702400000, 0x0000000702400000| Complete 
|  10|0x0000000702600000, 0x0000000702800000, 0x0000000702800000|100%|HS|  |TAMS 0x0000000702600000, 0x0000000702600000| Complete 
|  11|0x0000000702800000, 0x0000000702a00000, 0x0000000702a00000|100%|HS|  |TAMS 0x0000000702800000, 0x0000000702800000| Complete 
|  12|0x0000000702a00000, 0x0000000702c00000, 0x0000000702c00000|100%|HS|  |TAMS 0x0000000702a00000, 0x0000000702a00000| Complete 
|  13|0x0000000702c00000, 0x0000000702e00000, 0x0000000702e00000|100%|HS|  |TAMS 0x0000000702c00000, 0x0000000702c00000| Complete 
|  14|0x0000000702e00000, 0x0000000703000000, 0x0000000703000000|100%|HS|  |TAMS 0x0000000702e00000, 0x0000000702e00000| Complete 
|  15|0x0000000703000000, 0x0000000703200000, 0x0000000703200000|100%|HS|  |TAMS 0x0000000703000000, 0x0000000703000000| Complete 
|  16|0x0000000703200000, 0x0000000703400000, 0x0000000703400000|100%|HS|  |TAMS 0x0000000703200000, 0x0000000703200000| Complete 
|  17|0x0000000703400000, 0x0000000703600000, 0x0000000703600000|100%|HS|  |TAMS 0x0000000703400000, 0x0000000703400000| Complete 
|  18|0x0000000703600000, 0x0000000703800000, 0x0000000703800000|100%|HS|  |TAMS 0x0000000703600000, 0x0000000703600000| Complete 
|  19|0x0000000703800000, 0x0000000703a00000, 0x0000000703a00000|100%|HS|  |TAMS 0x0000000703800000, 0x0000000703800000| Complete 
|  20|0x0000000703a00000, 0x0000000703c00000, 0x0000000703c00000|100%|HS|  |TAMS 0x0000000703a00000, 0x0000000703a00000| Complete 
|  21|0x0000000703c00000, 0x0000000703e00000, 0x0000000703e00000|100%|HS|  |TAMS 0x0000000703c00000, 0x0000000703c00000| Complete 
|  22|0x0000000703e00000, 0x0000000704000000, 0x0000000704000000|100%|HS|  |TAMS 0x0000000703e00000, 0x0000000703e00000| Complete 
|  23|0x0000000704000000, 0x0000000704200000, 0x0000000704200000|100%|HS|  |TAMS 0x0000000704000000, 0x0000000704000000| Complete 
|  24|0x0000000704200000, 0x0000000704400000, 0x0000000704400000|100%|HS|  |TAMS 0x0000000704200000, 0x0000000704200000| Complete 
|  25|0x0000000704400000, 0x0000000704600000, 0x0000000704600000|100%|HS|  |TAMS 0x0000000704400000, 0x0000000704400000| Complete 
|  26|0x0000000704600000, 0x0000000704800000, 0x0000000704800000|100%|HS|  |TAMS 0x0000000704600000, 0x0000000704600000| Complete 
|  27|0x0000000704800000, 0x0000000704a00000, 0x0000000704a00000|100%|HS|  |TAMS 0x0000000704800000, 0x0000000704800000| Complete 
|  28|0x0000000704a00000, 0x0000000704c00000, 0x0000000704c00000|100%|HS|  |TAMS 0x0000000704a00000, 0x0000000704a00000| Complete 
|  29|0x0000000704c00000, 0x0000000704e00000, 0x0000000704e00000|100%|HS|  |TAMS 0x0000000704c00000, 0x0000000704c00000| Complete 
|  30|0x0000000704e00000, 0x0000000705000000, 0x0000000705000000|100%|HS|  |TAMS 0x0000000704e00000, 0x0000000704e00000| Complete 
|  31|0x0000000705000000, 0x0000000705200000, 0x0000000705200000|100%|HS|  |TAMS 0x0000000705000000, 0x0000000705000000| Complete 
|  32|0x0000000705200000, 0x0000000705400000, 0x0000000705400000|100%|HS|  |TAMS 0x0000000705200000, 0x0000000705200000| Complete 
|  33|0x0000000705400000, 0x0000000705600000, 0x0000000705600000|100%|HS|  |TAMS 0x0000000705400000, 0x0000000705400000| Complete 
|  34|0x0000000705600000, 0x0000000705800000, 0x0000000705800000|100%|HS|  |TAMS 0x0000000705600000, 0x0000000705600000| Complete 
|  35|0x0000000705800000, 0x0000000705a00000, 0x0000000705a00000|100%|HS|  |TAMS 0x0000000705800000, 0x0000000705800000| Complete 
|  36|0x0000000705a00000, 0x0000000705c00000, 0x0000000705c00000|100%|HS|  |TAMS 0x0000000705a00000, 0x0000000705a00000| Complete 
|  37|0x0000000705c00000, 0x0000000705e00000, 0x0000000705e00000|100%|HS|  |TAMS 0x0000000705c00000, 0x0000000705c00000| Complete 
|  38|0x0000000705e00000, 0x0000000706000000, 0x0000000706000000|100%|HS|  |TAMS 0x0000000705e00000, 0x0000000705e00000| Complete 
|  39|0x0000000706000000, 0x0000000706200000, 0x0000000706200000|100%|HS|  |TAMS 0x0000000706000000, 0x0000000706000000| Complete 
|  40|0x0000000706200000, 0x0000000706400000, 0x0000000706400000|100%|HS|  |TAMS 0x0000000706200000, 0x0000000706200000| Complete 
|  41|0x0000000706400000, 0x0000000706600000, 0x0000000706600000|100%|HS|  |TAMS 0x0000000706400000, 0x0000000706400000| Complete 
|  42|0x0000000706600000, 0x0000000706800000, 0x0000000706800000|100%|HS|  |TAMS 0x0000000706600000, 0x0000000706600000| Complete 
|  43|0x0000000706800000, 0x0000000706a00000, 0x0000000706a00000|100%|HS|  |TAMS 0x0000000706800000, 0x0000000706800000| Complete 
|  44|0x0000000706a00000, 0x0000000706c00000, 0x0000000706c00000|100%|HS|  |TAMS 0x0000000706a00000, 0x0000000706a00000| Complete 
|  45|0x0000000706c00000, 0x0000000706c05600, 0x0000000706e00000|  1%| O|  |TAMS 0x0000000706c00000, 0x0000000706c00000| Untracked 
|  46|0x0000000706e00000, 0x0000000706e00000, 0x0000000707000000|  0%| F|  |TAMS 0x0000000706e00000, 0x0000000706e00000| Untracked 
|  47|0x0000000707000000, 0x0000000707000000, 0x0000000707200000|  0%| F|  |TAMS 0x0000000707000000, 0x0000000707000000| Untracked 
|  48|0x0000000707200000, 0x0000000707200000, 0x0000000707400000|  0%| F|  |TAMS 0x0000000707200000, 0x0000000707200000| Untracked 
|  49|0x0000000707400000, 0x0000000707400000, 0x0000000707600000|  0%| F|  |TAMS 0x0000000707400000, 0x0000000707400000| Untracked 
|  50|0x0000000707600000, 0x0000000707600000, 0x0000000707800000|  0%| F|  |TAMS 0x0000000707600000, 0x0000000707600000| Untracked 
|  51|0x0000000707800000, 0x0000000707800000, 0x0000000707a00000|  0%| F|  |TAMS 0x0000000707800000, 0x0000000707800000| Untracked 
|  52|0x0000000707a00000, 0x0000000707a00000, 0x0000000707c00000|  0%| F|  |TAMS 0x0000000707a00000, 0x0000000707a00000| Untracked 
|  53|0x0000000707c00000, 0x0000000707c00000, 0x0000000707e00000|  0%| F|  |TAMS 0x0000000707c00000, 0x0000000707c00000| Untracked 
|  54|0x0000000707e00000, 0x0000000707e00000, 0x0000000708000000|  0%| F|  |TAMS 0x0000000707e00000, 0x0000000707e00000| Untracked 
|  55|0x0000000708000000, 0x0000000708000000, 0x0000000708200000|  0%| F|  |TAMS 0x0000000708000000, 0x0000000708000000| Untracked 
|  56|0x0000000708200000, 0x0000000708200000, 0x0000000708400000|  0%| F|  |TAMS 0x0000000708200000, 0x0000000708200000| Untracked 
|  57|0x0000000708400000, 0x0000000708400000, 0x0000000708600000|  0%| F|  |TAMS 0x0000000708400000, 0x0000000708400000| Untracked 
|  58|0x0000000708600000, 0x0000000708600000, 0x0000000708800000|  0%| F|  |TAMS 0x0000000708600000, 0x0000000708600000| Untracked 
|  59|0x0000000708800000, 0x0000000708800000, 0x0000000708a00000|  0%| F|  |TAMS 0x0000000708800000, 0x0000000708800000| Untracked 
|  60|0x0000000708a00000, 0x0000000708a00000, 0x0000000708c00000|  0%| F|  |TAMS 0x0000000708a00000, 0x0000000708a00000| Untracked 
|  61|0x0000000708c00000, 0x0000000708c00000, 0x0000000708e00000|  0%| F|  |TAMS 0x0000000708c00000, 0x0000000708c00000| Untracked 
|  62|0x0000000708e00000, 0x0000000708e00000, 0x0000000709000000|  0%| F|  |TAMS 0x0000000708e00000, 0x0000000708e00000| Untracked 
|  63|0x0000000709000000, 0x0000000709000000, 0x0000000709200000|  0%| F|  |TAMS 0x0000000709000000, 0x0000000709000000| Untracked 
|  64|0x0000000709200000, 0x0000000709200000, 0x0000000709400000|  0%| F|  |TAMS 0x0000000709200000, 0x0000000709200000| Untracked 
|  65|0x0000000709400000, 0x0000000709400000, 0x0000000709600000|  0%| F|  |TAMS 0x0000000709400000, 0x0000000709400000| Untracked 
|  66|0x0000000709600000, 0x0000000709600000, 0x0000000709800000|  0%| F|  |TAMS 0x0000000709600000, 0x0000000709600000| Untracked 
|  67|0x0000000709800000, 0x0000000709800000, 0x0000000709a00000|  0%| F|  |TAMS 0x0000000709800000, 0x0000000709800000| Untracked 
|  68|0x0000000709a00000, 0x0000000709a00000, 0x0000000709c00000|  0%| F|  |TAMS 0x0000000709a00000, 0x0000000709a00000| Untracked 
|  69|0x0000000709c00000, 0x0000000709c00000, 0x0000000709e00000|  0%| F|  |TAMS 0x0000000709c00000, 0x0000000709c00000| Untracked 
|  70|0x0000000709e00000, 0x0000000709e00000, 0x000000070a000000|  0%| F|  |TAMS 0x0000000709e00000, 0x0000000709e00000| Untracked 
|  71|0x000000070a000000, 0x000000070a000000, 0x000000070a200000|  0%| F|  |TAMS 0x000000070a000000, 0x000000070a000000| Untracked 
|  72|0x000000070a200000, 0x000000070a200000, 0x000000070a400000|  0%| F|  |TAMS 0x000000070a200000, 0x000000070a200000| Untracked 
|  73|0x000000070a400000, 0x000000070a400000, 0x000000070a600000|  0%| F|  |TAMS 0x000000070a400000, 0x000000070a400000| Untracked 
|  74|0x000000070a600000, 0x000000070a600000, 0x000000070a800000|  0%| F|  |TAMS 0x000000070a600000, 0x000000070a600000| Untracked 
|  75|0x000000070a800000, 0x000000070a800000, 0x000000070aa00000|  0%| F|  |TAMS 0x000000070a800000, 0x000000070a800000| Untracked 
|  76|0x000000070aa00000, 0x000000070aa00000, 0x000000070ac00000|  0%| F|  |TAMS 0x000000070aa00000, 0x000000070aa00000| Untracked 
|  77|0x000000070ac00000, 0x000000070ac00000, 0x000000070ae00000|  0%| F|  |TAMS 0x000000070ac00000, 0x000000070ac00000| Untracked 
|  78|0x000000070ae00000, 0x000000070ae00000, 0x000000070b000000|  0%| F|  |TAMS 0x000000070ae00000, 0x000000070ae00000| Untracked 
|  79|0x000000070b000000, 0x000000070b000000, 0x000000070b200000|  0%| F|  |TAMS 0x000000070b000000, 0x000000070b000000| Untracked 
|  80|0x000000070b200000, 0x000000070b200000, 0x000000070b400000|  0%| F|  |TAMS 0x000000070b200000, 0x000000070b200000| Untracked 
|  81|0x000000070b400000, 0x000000070b400000, 0x000000070b600000|  0%| F|  |TAMS 0x000000070b400000, 0x000000070b400000| Untracked 
|  82|0x000000070b600000, 0x000000070b600000, 0x000000070b800000|  0%| F|  |TAMS 0x000000070b600000, 0x000000070b600000| Untracked 
|  83|0x000000070b800000, 0x000000070b800000, 0x000000070ba00000|  0%| F|  |TAMS 0x000000070b800000, 0x000000070b800000| Untracked 
|  84|0x000000070ba00000, 0x000000070ba00000, 0x000000070bc00000|  0%| F|  |TAMS 0x000000070ba00000, 0x000000070ba00000| Untracked 
|  85|0x000000070bc00000, 0x000000070bc00000, 0x000000070be00000|  0%| F|  |TAMS 0x000000070bc00000, 0x000000070bc00000| Untracked 
|  86|0x000000070be00000, 0x000000070be00000, 0x000000070c000000|  0%| F|  |TAMS 0x000000070be00000, 0x000000070be00000| Untracked 
|  87|0x000000070c000000, 0x000000070c000000, 0x000000070c200000|  0%| F|  |TAMS 0x000000070c000000, 0x000000070c000000| Untracked 
|  88|0x000000070c200000, 0x000000070c200000, 0x000000070c400000|  0%| F|  |TAMS 0x000000070c200000, 0x000000070c200000| Untracked 
|  89|0x000000070c400000, 0x000000070c400000, 0x000000070c600000|  0%| F|  |TAMS 0x000000070c400000, 0x000000070c400000| Untracked 
|  90|0x000000070c600000, 0x000000070c600000, 0x000000070c800000|  0%| F|  |TAMS 0x000000070c600000, 0x000000070c600000| Untracked 
|  91|0x000000070c800000, 0x000000070c800000, 0x000000070ca00000|  0%| F|  |TAMS 0x000000070c800000, 0x000000070c800000| Untracked 
|  92|0x000000070ca00000, 0x000000070ca00000, 0x000000070cc00000|  0%| F|  |TAMS 0x000000070ca00000, 0x000000070ca00000| Untracked 
|  93|0x000000070cc00000, 0x000000070cc00000, 0x000000070ce00000|  0%| F|  |TAMS 0x000000070cc00000, 0x000000070cc00000| Untracked 
|  94|0x000000070ce00000, 0x000000070ce00000, 0x000000070d000000|  0%| F|  |TAMS 0x000000070ce00000, 0x000000070ce00000| Untracked 
|  95|0x000000070d000000, 0x000000070d000000, 0x000000070d200000|  0%| F|  |TAMS 0x000000070d000000, 0x000000070d000000| Untracked 
|  96|0x000000070d200000, 0x000000070d200000, 0x000000070d400000|  0%| F|  |TAMS 0x000000070d200000, 0x000000070d200000| Untracked 
|  97|0x000000070d400000, 0x000000070d400000, 0x000000070d600000|  0%| F|  |TAMS 0x000000070d400000, 0x000000070d400000| Untracked 
|  98|0x000000070d600000, 0x000000070d600000, 0x000000070d800000|  0%| F|  |TAMS 0x000000070d600000, 0x000000070d600000| Untracked 
|  99|0x000000070d800000, 0x000000070d800000, 0x000000070da00000|  0%| F|  |TAMS 0x000000070d800000, 0x000000070d800000| Untracked 
| 100|0x000000070da00000, 0x000000070da00000, 0x000000070dc00000|  0%| F|  |TAMS 0x000000070da00000, 0x000000070da00000| Untracked 
| 101|0x000000070dc00000, 0x000000070dc00000, 0x000000070de00000|  0%| F|  |TAMS 0x000000070dc00000, 0x000000070dc00000| Untracked 
| 102|0x000000070de00000, 0x000000070de00000, 0x000000070e000000|  0%| F|  |TAMS 0x000000070de00000, 0x000000070de00000| Untracked 
| 103|0x000000070e000000, 0x000000070e000000, 0x000000070e200000|  0%| F|  |TAMS 0x000000070e000000, 0x000000070e000000| Untracked 
| 104|0x000000070e200000, 0x000000070e200000, 0x000000070e400000|  0%| F|  |TAMS 0x000000070e200000, 0x000000070e200000| Untracked 
| 105|0x000000070e400000, 0x000000070e400000, 0x000000070e600000|  0%| F|  |TAMS 0x000000070e400000, 0x000000070e400000| Untracked 
| 106|0x000000070e600000, 0x000000070e600000, 0x000000070e800000|  0%| F|  |TAMS 0x000000070e600000, 0x000000070e600000| Untracked 
| 107|0x000000070e800000, 0x000000070e800000, 0x000000070ea00000|  0%| F|  |TAMS 0x000000070e800000, 0x000000070e800000| Untracked 
| 108|0x000000070ea00000, 0x000000070ea00000, 0x000000070ec00000|  0%| F|  |TAMS 0x000000070ea00000, 0x000000070ea00000| Untracked 
| 109|0x000000070ec00000, 0x000000070ec00000, 0x000000070ee00000|  0%| F|  |TAMS 0x000000070ec00000, 0x000000070ec00000| Untracked 
| 110|0x000000070ee00000, 0x000000070ee00000, 0x000000070f000000|  0%| F|  |TAMS 0x000000070ee00000, 0x000000070ee00000| Untracked 
| 111|0x000000070f000000, 0x000000070f000000, 0x000000070f200000|  0%| F|  |TAMS 0x000000070f000000, 0x000000070f000000| Untracked 
| 112|0x000000070f200000, 0x000000070f200000, 0x000000070f400000|  0%| F|  |TAMS 0x000000070f200000, 0x000000070f200000| Untracked 
| 113|0x000000070f400000, 0x000000070f400000, 0x000000070f600000|  0%| F|  |TAMS 0x000000070f400000, 0x000000070f400000| Untracked 
| 114|0x000000070f600000, 0x000000070f600000, 0x000000070f800000|  0%| F|  |TAMS 0x000000070f600000, 0x000000070f600000| Untracked 
| 115|0x000000070f800000, 0x000000070fa00000, 0x000000070fa00000|100%| S|CS|TAMS 0x000000070f800000, 0x000000070f800000| Complete 
| 116|0x000000070fa00000, 0x000000070fc00000, 0x000000070fc00000|100%| S|CS|TAMS 0x000000070fa00000, 0x000000070fa00000| Complete 
| 117|0x000000070fc00000, 0x000000070fc00000, 0x000000070fe00000|  0%| F|  |TAMS 0x000000070fc00000, 0x000000070fc00000| Untracked 
| 118|0x000000070fe00000, 0x000000070fe00000, 0x0000000710000000|  0%| F|  |TAMS 0x000000070fe00000, 0x000000070fe00000| Untracked 
| 119|0x0000000710000000, 0x0000000710000000, 0x0000000710200000|  0%| F|  |TAMS 0x0000000710000000, 0x0000000710000000| Untracked 
| 120|0x0000000710200000, 0x0000000710200000, 0x0000000710400000|  0%| F|  |TAMS 0x0000000710200000, 0x0000000710200000| Untracked 
| 121|0x0000000710400000, 0x0000000710400000, 0x0000000710600000|  0%| F|  |TAMS 0x0000000710400000, 0x0000000710400000| Untracked 
| 122|0x0000000710600000, 0x0000000710600000, 0x0000000710800000|  0%| F|  |TAMS 0x0000000710600000, 0x0000000710600000| Untracked 
| 123|0x0000000710800000, 0x0000000710800000, 0x0000000710a00000|  0%| F|  |TAMS 0x0000000710800000, 0x0000000710800000| Untracked 
| 124|0x0000000710a00000, 0x0000000710a00000, 0x0000000710c00000|  0%| F|  |TAMS 0x0000000710a00000, 0x0000000710a00000| Untracked 
| 125|0x0000000710c00000, 0x0000000710c00000, 0x0000000710e00000|  0%| F|  |TAMS 0x0000000710c00000, 0x0000000710c00000| Untracked 
| 126|0x0000000710e00000, 0x0000000710f1f990, 0x0000000711000000| 56%| E|  |TAMS 0x0000000710e00000, 0x0000000710e00000| Complete 
| 127|0x0000000711000000, 0x0000000711200000, 0x0000000711200000|100%| E|CS|TAMS 0x0000000711000000, 0x0000000711000000| Complete 

Card table byte_map: [0x00000194d8ec0000,0x00000194d96c0000] _byte_map_base: 0x00000194d56b7000

Marking Bits (Prev, Next): (CMBitMap*) 0x00000194c59c1490, (CMBitMap*) 0x00000194c59c14d0
 Prev Bits: [0x00000194d9ec0000, 0x00000194dde78000)
 Next Bits: [0x00000194dde80000, 0x00000194e1e38000)

Polling page: 0x00000194c5150000

Metaspace:

Usage:
  Non-class:     16.57 MB capacity,    16.41 MB (>99%) used,   142.04 KB ( <1%) free+waste,    22.00 KB ( <1%) overhead. 
      Class:      2.05 MB capacity,     1.98 MB ( 97%) used,    59.30 KB (  3%) free+waste,     7.81 KB ( <1%) overhead. 
       Both:     18.62 MB capacity,    18.40 MB ( 99%) used,   201.34 KB (  1%) free+waste,    29.81 KB ( <1%) overhead. 

Virtual space:
  Non-class space:       18.00 MB reserved,      16.75 MB ( 93%) committed 
      Class space:        1.00 GB reserved,       2.12 MB ( <1%) committed 
             Both:        1.02 GB reserved,      18.88 MB (  2%) committed 

Chunk freelists:
   Non-Class:  52.00 KB
       Class:  16.00 KB
        Both:  68.00 KB

MaxMetaspaceSize: 17179869184.00 GB
CompressedClassSpaceSize: 1.00 GB

CodeHeap 'non-profiled nmethods': size=120000Kb used=528Kb max_used=528Kb free=119471Kb
 bounds [0x00000194d0e60000, 0x00000194d10d0000, 0x00000194d8390000]
CodeHeap 'profiled nmethods': size=120000Kb used=2894Kb max_used=2894Kb free=117105Kb
 bounds [0x00000194c9930000, 0x00000194c9c10000, 0x00000194d0e60000]
CodeHeap 'non-nmethods': size=5760Kb used=1294Kb max_used=1320Kb free=4466Kb
 bounds [0x00000194c9390000, 0x00000194c9600000, 0x00000194c9930000]
 total_blobs=2278 nmethods=1691 adapters=500
 compilation: enabled
              stopped_count=0, restarted_count=0
 full_count=0

Compilation events (20 events):
Event: 1.975 Thread 0x00000194e515f2b0 nmethod 1685 0x00000194c9bfe590 code [0x00000194c9bfe960, 0x00000194c9bffd98]
Event: 1.975 Thread 0x00000194e515f2b0 1680       3       java.lang.reflect.Method::getAnnotation (6 bytes)
Event: 1.975 Thread 0x00000194e515f2b0 nmethod 1680 0x00000194c9c00390 code [0x00000194c9c005a0, 0x00000194c9c00ca8]
Event: 1.975 Thread 0x00000194e515f2b0 1681       3       java.lang.reflect.Executable::getAnnotation (23 bytes)
Event: 1.975 Thread 0x00000194e515e120 nmethod 1687 0x00000194d0ee3790 code [0x00000194d0ee3920, 0x00000194d0ee3ad8]
Event: 1.975 Thread 0x00000194e515f2b0 nmethod 1681 0x00000194c9c00f10 code [0x00000194c9c01120, 0x00000194c9c017c8]
Event: 1.975 Thread 0x00000194e515f2b0 1689       3       jdk.internal.math.FDBigInteger::mult (64 bytes)
Event: 1.975 Thread 0x00000194e515f2b0 nmethod 1689 0x00000194c9c01a10 code [0x00000194c9c01bc0, 0x00000194c9c01df8]
Event: 1.975 Thread 0x00000194e515f2b0 1683       3       java.lang.reflect.AccessibleObject::isAnnotationPresent (6 bytes)
Event: 1.976 Thread 0x00000194e515f2b0 nmethod 1683 0x00000194c9c02010 code [0x00000194c9c021c0, 0x00000194c9c02448]
Event: 1.976 Thread 0x00000194e515f2b0 1684       3       java.lang.reflect.AnnotatedElement::isAnnotationPresent (16 bytes)
Event: 1.976 Thread 0x00000194e515f2b0 nmethod 1684 0x00000194c9c02510 code [0x00000194c9c026c0, 0x00000194c9c028c8]
Event: 1.976 Thread 0x00000194e515f2b0 1686       3       java.lang.Class::toString (47 bytes)
Event: 1.976 Thread 0x00000194e515f2b0 nmethod 1686 0x00000194c9c02990 code [0x00000194c9c02be0, 0x00000194c9c03328]
Event: 1.976 Thread 0x00000194e515f2b0 1688       3       java.lang.reflect.Method::getParameterTypes (11 bytes)
Event: 1.976 Thread 0x00000194e515f2b0 nmethod 1688 0x00000194c9c03590 code [0x00000194c9c03740, 0x00000194c9c03a08]
Event: 1.976 Thread 0x00000194e515f2b0 1690       1       com.aparapi.internal.instruction.Instruction::getParentExpr (5 bytes)
Event: 1.976 Thread 0x00000194e515f2b0 nmethod 1690 0x00000194d0ee3b90 code [0x00000194d0ee3d20, 0x00000194d0ee3dd8]
Event: 1.976 Thread 0x00000194e515f2b0 1691       1       com.aparapi.internal.instruction.Instruction::getLength (5 bytes)
Event: 1.976 Thread 0x00000194e515f2b0 nmethod 1691 0x00000194d0ee3e90 code [0x00000194d0ee4020, 0x00000194d0ee40d8]

GC Heap History (2 events):
Event: 1.888 GC heap before
{Heap before GC invocations=0 (full 0):
 garbage-first heap   total 262144K, used 114688K [0x0000000701200000, 0x0000000800000000)
  region size 2048K, 11 young (22528K), 0 survivors (0K)
 Metaspace       used 18372K, capacity 18610K, committed 18816K, reserved 1067008K
  class space    used 1990K, capacity 2057K, committed 2176K, reserved 1048576K
}
Event: 1.891 GC heap after
{Heap after GC invocations=1 (full 0):
 garbage-first heap   total 262144K, used 96277K [0x0000000701200000, 0x0000000800000000)
  region size 2048K, 2 young (4096K), 2 survivors (4096K)
 Metaspace       used 18372K, capacity 18610K, committed 18816K, reserved 1067008K
  class space    used 1990K, capacity 2057K, committed 2176K, reserved 1048576K
}

Deoptimization events (20 events):
Event: 1.834 Thread 0x00000194e52fc960 Uncommon trap: trap_request=0xffffff45 fr.pc=0x00000194d0eafe80 relative=0x0000000000000260
Event: 1.834 Thread 0x00000194e52fc960 Uncommon trap: reason=unstable_if action=reinterpret pc=0x00000194d0eafe80 method=java.util.concurrent.ConcurrentHashMap.get(Ljava/lang/Object;)Ljava/lang/Object; @ 76 c2
Event: 1.834 Thread 0x00000194e52fc960 DEOPT PACKING pc=0x00000194d0eafe80 sp=0x0000001d380fd430
Event: 1.834 Thread 0x00000194e52fc960 DEOPT UNPACKING pc=0x00000194c93de42f sp=0x0000001d380fd3a8 mode 2
Event: 1.903 Thread 0x00000194e52fc960 Uncommon trap: trap_request=0xffffffde fr.pc=0x00000194d0ead910 relative=0x0000000000000170
Event: 1.903 Thread 0x00000194e52fc960 Uncommon trap: reason=class_check action=maybe_recompile pc=0x00000194d0ead910 method=java.util.HashMap.putVal(ILjava/lang/Object;Ljava/lang/Object;ZZ)Ljava/lang/Object; @ 253 c2
Event: 1.903 Thread 0x00000194e52fc960 DEOPT PACKING pc=0x00000194d0ead910 sp=0x0000001d380fdb00
Event: 1.903 Thread 0x00000194e52fc960 DEOPT UNPACKING pc=0x00000194c93de42f sp=0x0000001d380fdaa0 mode 2
Event: 1.904 Thread 0x00000194e52fc960 Uncommon trap: trap_request=0xffffffde fr.pc=0x00000194d0ead910 relative=0x0000000000000170
Event: 1.904 Thread 0x00000194e52fc960 Uncommon trap: reason=class_check action=maybe_recompile pc=0x00000194d0ead910 method=java.util.HashMap.putVal(ILjava/lang/Object;Ljava/lang/Object;ZZ)Ljava/lang/Object; @ 253 c2
Event: 1.904 Thread 0x00000194e52fc960 DEOPT PACKING pc=0x00000194d0ead910 sp=0x0000001d380fdb00
Event: 1.904 Thread 0x00000194e52fc960 DEOPT UNPACKING pc=0x00000194c93de42f sp=0x0000001d380fdaa0 mode 2
Event: 1.905 Thread 0x00000194e52fc960 Uncommon trap: trap_request=0xffffffde fr.pc=0x00000194d0ead910 relative=0x0000000000000170
Event: 1.905 Thread 0x00000194e52fc960 Uncommon trap: reason=class_check action=maybe_recompile pc=0x00000194d0ead910 method=java.util.HashMap.putVal(ILjava/lang/Object;Ljava/lang/Object;ZZ)Ljava/lang/Object; @ 253 c2
Event: 1.905 Thread 0x00000194e52fc960 DEOPT PACKING pc=0x00000194d0ead910 sp=0x0000001d380fdb00
Event: 1.905 Thread 0x00000194e52fc960 DEOPT UNPACKING pc=0x00000194c93de42f sp=0x0000001d380fdaa0 mode 2
Event: 1.905 Thread 0x00000194e52fc960 Uncommon trap: trap_request=0xffffffde fr.pc=0x00000194d0ead910 relative=0x0000000000000170
Event: 1.905 Thread 0x00000194e52fc960 Uncommon trap: reason=class_check action=maybe_recompile pc=0x00000194d0ead910 method=java.util.HashMap.putVal(ILjava/lang/Object;Ljava/lang/Object;ZZ)Ljava/lang/Object; @ 253 c2
Event: 1.905 Thread 0x00000194e52fc960 DEOPT PACKING pc=0x00000194d0ead910 sp=0x0000001d380fdb00
Event: 1.905 Thread 0x00000194e52fc960 DEOPT UNPACKING pc=0x00000194c93de42f sp=0x0000001d380fdaa0 mode 2

Classes unloaded (0 events):
No events

Classes redefined (0 events):
No events

Internal exceptions (19 events):
Event: 0.095 Thread 0x00000194c5970de0 Exception <a 'java/lang/ClassNotFoundException'{0x0000000711126070}: sun/awt/resources/spi/awtProvider> (0x0000000711126070) 
thrown [./open/src/hotspot/share/classfile/systemDictionary.cpp, line 295]
Event: 0.126 Thread 0x00000194c5970de0 Exception <a 'java/io/FileNotFoundException'{0x0000000711187b60}> (0x0000000711187b60) 
thrown [./open/src/hotspot/share/prims/jni.cpp, line 578]
Event: 0.133 Thread 0x00000194c5970de0 Exception <a 'java/io/FileNotFoundException'{0x00000007111b63e0}> (0x00000007111b63e0) 
thrown [./open/src/hotspot/share/prims/jni.cpp, line 578]
Event: 0.133 Thread 0x00000194c5970de0 Exception <a 'java/lang/NoSuchMethodError'{0x00000007111b7778}: 'java.lang.Object java.lang.invoke.DirectMethodHandle$Holder.invokeStatic(java.lang.Object)'> (0x00000007111b7778) 
thrown [./open/src/hotspot/share/interpreter/linkResolver.cpp, line 782]
Event: 0.139 Thread 0x00000194c5970de0 Exception <a 'java/lang/NoSuchMethodError'{0x00000007111c53c0}: 'void java.lang.invoke.DirectMethodHandle$Holder.invokeSpecial(java.lang.Object, java.lang.Object, java.lang.Object)'> (0x00000007111c53c0) 
thrown [./open/src/hotspot/share/interpreter/linkResolver.cpp, line 782]
Event: 0.185 Thread 0x00000194c5970de0 Exception <a 'java/lang/NoSuchMethodError'{0x0000000710ec6d00}: 'java.lang.Object java.lang.invoke.DirectMethodHandle$Holder.invokeStaticInit(java.lang.Object)'> (0x0000000710ec6d00) 
thrown [./open/src/hotspot/share/interpreter/linkResolver.cpp, line 782]
Event: 0.305 Thread 0x00000194c5970de0 Exception <a 'java/lang/NoSuchMethodError'{0x0000000710fbac00}: 'java.lang.Object java.lang.invoke.DirectMethodHandle$Holder.newInvokeSpecial(java.lang.Object, java.lang.Object, java.lang.Object, java.lang.Object, java.lang.Object)'> (0x0000000710fbac00) 
thrown [./open/src/hotspot/share/interpreter/linkResolver.cpp, line 782]
Event: 0.306 Thread 0x00000194c5970de0 Exception <a 'java/lang/NoSuchMethodError'{0x0000000710fc6690}: 'java.lang.Object java.lang.invoke.DirectMethodHandle$Holder.invokeStatic(java.lang.Object, int, java.lang.Object, java.lang.Object, java.lang.Object, java.lang.Object)'> (0x0000000710fc6690) 
thrown [./open/src/hotspot/share/interpreter/linkResolver.cpp, line 782]
Event: 0.309 Thread 0x00000194c5970de0 Exception <a 'java/lang/NoSuchMethodError'{0x0000000710fec938}: 'java.lang.Object java.lang.invoke.DirectMethodHandle$Holder.invokeStatic(java.lang.Object, int, java.lang.Object)'> (0x0000000710fec938) 
thrown [./open/src/hotspot/share/interpreter/linkResolver.cpp, line 782]
Event: 0.323 Thread 0x00000194c5970de0 Exception <a 'java/lang/ClassNotFoundException'{0x0000000710ca52e8}: com/sun/swing/internal/plaf/metal/resources/spi/metalProvider> (0x0000000710ca52e8) 
thrown [./open/src/hotspot/share/classfile/systemDictionary.cpp, line 295]
Event: 0.323 Thread 0x00000194c5970de0 Exception <a 'java/lang/ClassNotFoundException'{0x0000000710ca93a0}: com/sun/swing/internal/plaf/basic/resources/spi/basicProvider> (0x0000000710ca93a0) 
thrown [./open/src/hotspot/share/classfile/systemDictionary.cpp, line 295]
Event: 0.347 Thread 0x00000194c5970de0 Exception <a 'java/lang/NoSuchMethodError'{0x0000000710d68d60}: 'void java.lang.invoke.DirectMethodHandle$Holder.invokeStaticInit(java.lang.Object)'> (0x0000000710d68d60) 
thrown [./open/src/hotspot/share/interpreter/linkResolver.cpp, line 782]
Event: 0.394 Thread 0x00000194e52fdca0 Exception <a 'java/lang/NullPointerException'{0x0000000710dd6460}> (0x0000000710dd6460) 
thrown [./open/src/hotspot/share/interpreter/linkResolver.cpp, line 1374]
Event: 0.404 Thread 0x00000194e52fdca0 Exception <a 'java/lang/NullPointerException'{0x0000000710dea448}> (0x0000000710dea448) 
thrown [./open/src/hotspot/share/interpreter/linkResolver.cpp, line 1374]
Event: 1.258 Thread 0x00000194e52fdca0 Exception <a 'java/lang/NoSuchMethodError'{0x0000000710578e88}: 'void java.lang.invoke.DirectMethodHandle$Holder.invokeStatic(java.lang.Object, java.lang.Object)'> (0x0000000710578e88) 
thrown [./open/src/hotspot/share/interpreter/linkResolver.cpp, line 782]
Event: 1.258 Thread 0x00000194e52fdca0 Exception <a 'java/lang/NoSuchMethodError'{0x000000071057cb38}: 'void java.lang.invoke.DirectMethodHandle$Holder.invokeStaticInit(java.lang.Object, java.lang.Object)'> (0x000000071057cb38) 
thrown [./open/src/hotspot/share/interpreter/linkResolver.cpp, line 782]
Event: 1.262 Thread 0x00000194e52fdca0 Exception <a 'java/lang/NoSuchMethodError'{0x00000007105a9e38}: 'java.lang.Object java.lang.invoke.DirectMethodHandle$Holder.invokeStaticInit(java.lang.Object, int, int, int, int)'> (0x00000007105a9e38) 
thrown [./open/src/hotspot/share/interpreter/linkResolver.cpp, line 782]
Event: 1.284 Thread 0x00000194e52fdca0 Exception <a 'java/lang/NoSuchMethodError'{0x00000007105fbb50}: 'java.lang.Object java.lang.invoke.DirectMethodHandle$Holder.invokeStaticInit(java.lang.Object, java.lang.Object, int, int, int, int)'> (0x00000007105fbb50) 
thrown [./open/src/hotspot/share/interpreter/linkResolver.cpp, line 782]
Event: 1.745 Thread 0x00000194e52fc960 Exception <a 'java/lang/NoSuchMethodError'{0x0000000710026f60}: 'int java.lang.invoke.DirectMethodHandle$Holder.invokeStaticInit(java.lang.Object, java.lang.Object, java.lang.Object)'> (0x0000000710026f60) 
thrown [./open/src/hotspot/share/interpreter/linkResolver.cpp, line 782]

Events (20 events):
Event: 1.893 loading class jdk/internal/reflect/Label$PatchInfo
Event: 1.893 loading class jdk/internal/reflect/Label$PatchInfo done
Event: 1.893 loading class jdk/internal/reflect/MethodAccessorGenerator$1
Event: 1.893 loading class jdk/internal/reflect/MethodAccessorGenerator$1 done
Event: 1.893 loading class jdk/internal/reflect/ClassDefiner
Event: 1.893 loading class jdk/internal/reflect/ClassDefiner done
Event: 1.893 loading class jdk/internal/reflect/ClassDefiner$1
Event: 1.893 loading class jdk/internal/reflect/ClassDefiner$1 done
Event: 1.894 loading class jdk/internal/reflect/BootstrapConstructorAccessorImpl
Event: 1.894 loading class jdk/internal/reflect/BootstrapConstructorAccessorImpl done
Event: 1.904 loading class java/lang/reflect/UndeclaredThrowableException
Event: 1.904 loading class java/lang/reflect/UndeclaredThrowableException done
Event: 1.973 loading class java/util/Vector$Itr
Event: 1.973 loading class java/util/Vector$Itr done
Event: 1.975 loading class jdk/internal/math/FDBigInteger
Event: 1.975 loading class jdk/internal/math/FDBigInteger done
Event: 1.980 loading class jdk/internal/reflect/UnsafeQualifiedObjectFieldAccessorImpl
Event: 1.980 loading class jdk/internal/reflect/UnsafeQualifiedFieldAccessorImpl
Event: 1.980 loading class jdk/internal/reflect/UnsafeQualifiedFieldAccessorImpl done
Event: 1.980 loading class jdk/internal/reflect/UnsafeQualifiedObjectFieldAccessorImpl done


Dynamic libraries:
0x00007ff6de310000 - 0x00007ff6de31d000 	C:\Users\Andrew\.p2\pool\plugins\org.eclipse.justj.openjdk.hotspot.jre.full.win32.x86_64_15.0.2.v20210201-0955\jre\bin\javaw.exe
0x00007ffd00730000 - 0x00007ffd00925000 	C:\Windows\SYSTEM32\ntdll.dll
0x00007ffd00590000 - 0x00007ffd0064e000 	C:\Windows\System32\KERNEL32.DLL
0x00007ffcfe430000 - 0x00007ffcfe6f8000 	C:\Windows\System32\KERNELBASE.dll
0x00007ffcfdfa0000 - 0x00007ffcfe0a0000 	C:\Windows\System32\ucrtbase.dll
0x00007ffcdddf0000 - 0x00007ffcdde08000 	C:\Users\Andrew\.p2\pool\plugins\org.eclipse.justj.openjdk.hotspot.jre.full.win32.x86_64_15.0.2.v20210201-0955\jre\bin\jli.dll
0x00007ffcda4f0000 - 0x00007ffcda509000 	C:\Users\Andrew\.p2\pool\plugins\org.eclipse.justj.openjdk.hotspot.jre.full.win32.x86_64_15.0.2.v20210201-0955\jre\bin\VCRUNTIME140.dll
0x00007ffcebc10000 - 0x00007ffcebeaa000 	C:\Windows\WinSxS\amd64_microsoft.windows.common-controls_6595b64144ccf1df_6.0.19041.1110_none_60b5254171f9507e\COMCTL32.dll
0x00007ffcffce0000 - 0x00007ffcffe80000 	C:\Windows\System32\USER32.dll
0x00007ffcfe750000 - 0x00007ffcfe772000 	C:\Windows\System32\win32u.dll
0x00007ffcfeb80000 - 0x00007ffcfec1e000 	C:\Windows\System32\msvcrt.dll
0x00007ffd00430000 - 0x00007ffd0045b000 	C:\Windows\System32\GDI32.dll
0x00007ffcfe1e0000 - 0x00007ffcfe2ed000 	C:\Windows\System32\gdi32full.dll
0x00007ffcfe140000 - 0x00007ffcfe1dd000 	C:\Windows\System32\msvcp_win.dll
0x00007ffcfe780000 - 0x00007ffcfe7b0000 	C:\Windows\System32\IMM32.DLL
0x00007ffcfa970000 - 0x00007ffcfa97c000 	C:\Users\Andrew\.p2\pool\plugins\org.eclipse.justj.openjdk.hotspot.jre.full.win32.x86_64_15.0.2.v20210201-0955\jre\bin\vcruntime140_1.dll
0x00007ffcd62c0000 - 0x00007ffcd6351000 	C:\Users\Andrew\.p2\pool\plugins\org.eclipse.justj.openjdk.hotspot.jre.full.win32.x86_64_15.0.2.v20210201-0955\jre\bin\msvcp140.dll
0x00007ffc8b8e0000 - 0x00007ffc8c43e000 	C:\Users\Andrew\.p2\pool\plugins\org.eclipse.justj.openjdk.hotspot.jre.full.win32.x86_64_15.0.2.v20210201-0955\jre\bin\server\jvm.dll
0x00007ffd00100000 - 0x00007ffd001ae000 	C:\Windows\System32\ADVAPI32.dll
0x00007ffd00650000 - 0x00007ffd006ec000 	C:\Windows\System32\sechost.dll
0x00007ffcff2e0000 - 0x00007ffcff405000 	C:\Windows\System32\RPCRT4.dll
0x00007ffd00280000 - 0x00007ffd00288000 	C:\Windows\System32\PSAPI.DLL
0x00007ffcf4f50000 - 0x00007ffcf4f77000 	C:\Windows\SYSTEM32\WINMM.dll
0x00007ffcdc750000 - 0x00007ffcdc759000 	C:\Windows\SYSTEM32\WSOCK32.dll
0x00007ffcf7210000 - 0x00007ffcf721a000 	C:\Windows\SYSTEM32\VERSION.dll
0x00007ffcffc70000 - 0x00007ffcffcdb000 	C:\Windows\System32\WS2_32.dll
0x00007ffcfbd50000 - 0x00007ffcfbd62000 	C:\Windows\SYSTEM32\kernel.appcore.dll
0x00007ffcfb3d0000 - 0x00007ffcfb3da000 	C:\Users\Andrew\.p2\pool\plugins\org.eclipse.justj.openjdk.hotspot.jre.full.win32.x86_64_15.0.2.v20210201-0955\jre\bin\jimage.dll
0x00007ffcec100000 - 0x00007ffcec2e4000 	C:\Windows\SYSTEM32\DBGHELP.DLL
0x00007ffce53a0000 - 0x00007ffce53cc000 	C:\Windows\SYSTEM32\dbgcore.DLL
0x00007ffcfe3a0000 - 0x00007ffcfe422000 	C:\Windows\System32\bcryptPrimitives.dll
0x00007ffcf9580000 - 0x00007ffcf95a5000 	C:\Users\Andrew\.p2\pool\plugins\org.eclipse.justj.openjdk.hotspot.jre.full.win32.x86_64_15.0.2.v20210201-0955\jre\bin\java.dll
0x00007ffceb330000 - 0x00007ffceb348000 	C:\Users\Andrew\.p2\pool\plugins\org.eclipse.justj.openjdk.hotspot.jre.full.win32.x86_64_15.0.2.v20210201-0955\jre\bin\zip.dll
0x00007ffcff410000 - 0x00007ffcffb54000 	C:\Windows\System32\SHELL32.dll
0x00007ffcfbf50000 - 0x00007ffcfc6e4000 	C:\Windows\SYSTEM32\windows.storage.dll
0x00007ffcfe7c0000 - 0x00007ffcfeb15000 	C:\Windows\System32\combase.dll
0x00007ffcfd890000 - 0x00007ffcfd8be000 	C:\Windows\SYSTEM32\Wldp.dll
0x00007ffcffb60000 - 0x00007ffcffc0d000 	C:\Windows\System32\SHCORE.dll
0x00007ffd00290000 - 0x00007ffd002e5000 	C:\Windows\System32\shlwapi.dll
0x00007ffcfdd80000 - 0x00007ffcfdd9f000 	C:\Windows\SYSTEM32\profapi.dll
0x00007ffc8e5d0000 - 0x00007ffc8e74f000 	C:\Users\Andrew\.p2\pool\plugins\org.eclipse.justj.openjdk.hotspot.jre.full.win32.x86_64_15.0.2.v20210201-0955\jre\bin\awt.dll
0x00007ffd001b0000 - 0x00007ffd0027d000 	C:\Windows\System32\OLEAUT32.dll
0x00007ffcfb5b0000 - 0x00007ffcfb640000 	C:\Windows\SYSTEM32\apphelp.dll
0x00007ffcea9e0000 - 0x00007ffcea9f9000 	C:\Users\Andrew\.p2\pool\plugins\org.eclipse.justj.openjdk.hotspot.jre.full.win32.x86_64_15.0.2.v20210201-0955\jre\bin\net.dll
0x00007ffcf5700000 - 0x00007ffcf580c000 	C:\Windows\SYSTEM32\WINHTTP.dll
0x00007ffcfd5f0000 - 0x00007ffcfd65a000 	C:\Windows\system32\mswsock.dll
0x00007ffce8160000 - 0x00007ffce8172000 	C:\Users\Andrew\.p2\pool\plugins\org.eclipse.justj.openjdk.hotspot.jre.full.win32.x86_64_15.0.2.v20210201-0955\jre\bin\nio.dll
0x00007ffcfba60000 - 0x00007ffcfba8f000 	C:\Windows\system32\DWMAPI.DLL
0x00007ffcfb870000 - 0x00007ffcfb90e000 	C:\Windows\system32\uxtheme.dll
0x00007ffcb00e0000 - 0x00007ffcb0205000 	C:\Windows\system32\opengl32.dll
0x00007ffcafee0000 - 0x00007ffcaff0c000 	C:\Windows\SYSTEM32\GLU32.dll
0x00007ffcfff60000 - 0x00007ffd00076000 	C:\Windows\System32\MSCTF.dll
0x00007ffd00460000 - 0x00007ffd0058a000 	C:\Windows\System32\ole32.dll
0x00007ffcf3fe0000 - 0x00007ffcf41b0000 	C:\Windows\system32\d3d9.dll
0x00007ffcf6110000 - 0x00007ffcf6217000 	C:\Windows\System32\DriverStore\FileRepository\nv_dispui.inf_amd64_9fd475b10ff158a2\nvldumdx.dll
0x00007ffcfda20000 - 0x00007ffcfda32000 	C:\Windows\SYSTEM32\msasn1.dll
0x00007ffcf6ad0000 - 0x00007ffcf6b01000 	C:\Windows\SYSTEM32\cryptnet.dll
0x00007ffcfde40000 - 0x00007ffcfdf96000 	C:\Windows\System32\CRYPT32.dll
0x00007ffcf6680000 - 0x00007ffcf67ca000 	C:\Windows\SYSTEM32\drvstore.dll
0x00007ffcfdbe0000 - 0x00007ffcfdc14000 	C:\Windows\SYSTEM32\devobj.dll
0x00007ffcfe700000 - 0x00007ffcfe74e000 	C:\Windows\System32\cfgmgr32.dll
0x00007ffcfd800000 - 0x00007ffcfd80c000 	C:\Windows\SYSTEM32\cryptbase.dll
0x00007ffcfe0d0000 - 0x00007ffcfe139000 	C:\Windows\System32\WINTRUST.DLL
0x00007ffcfee40000 - 0x00007ffcfee5d000 	C:\Windows\System32\imagehlp.dll
0x00007ffcfd7e0000 - 0x00007ffcfd7f8000 	C:\Windows\SYSTEM32\CRYPTSP.dll
0x00007ffcfcf00000 - 0x00007ffcfcf34000 	C:\Windows\system32\rsaenh.dll
0x00007ffcfe0a0000 - 0x00007ffcfe0c7000 	C:\Windows\System32\bcrypt.dll
0x00007ffc8f210000 - 0x00007ffc90998000 	C:\Windows\System32\DriverStore\FileRepository\nv_dispui.inf_amd64_9fd475b10ff158a2\nvd3dumx.dll
0x00007ffc9b2d0000 - 0x00007ffc9b595000 	C:\Windows\system32\nvspcap64.dll
0x00007ffcfcb30000 - 0x00007ffcfcb63000 	C:\Windows\SYSTEM32\ntmarta.dll
0x00007ffcfc700000 - 0x00007ffcfc723000 	C:\Windows\SYSTEM32\gpapi.dll
0x00007ffcf6900000 - 0x00007ffcf693b000 	C:\Windows\SYSTEM32\dxcore.dll
0x00007ffcd3b10000 - 0x00007ffcd3b95000 	C:\Users\Andrew\.p2\pool\plugins\org.eclipse.justj.openjdk.hotspot.jre.full.win32.x86_64_15.0.2.v20210201-0955\jre\bin\freetype.dll
0x00007ffcd3970000 - 0x00007ffcd3a19000 	C:\Users\Andrew\.p2\pool\plugins\org.eclipse.justj.openjdk.hotspot.jre.full.win32.x86_64_15.0.2.v20210201-0955\jre\bin\fontmanager.dll
0x00007ffcf2d70000 - 0x00007ffcf2e69000 	C:\Windows\SYSTEM32\textinputframework.dll
0x00007ffcfa9c0000 - 0x00007ffcfad1e000 	C:\Windows\System32\CoreUIComponents.dll
0x00007ffcfb0a0000 - 0x00007ffcfb192000 	C:\Windows\System32\CoreMessaging.dll
0x00007ffcf9960000 - 0x00007ffcf9ab4000 	C:\Windows\SYSTEM32\wintypes.dll
0x00007ffcfdd00000 - 0x00007ffcfdd2e000 	C:\Windows\SYSTEM32\USERENV.dll
0x00007ffcfd290000 - 0x00007ffcfd2cb000 	C:\Windows\SYSTEM32\IPHLPAPI.DLL
0x00007ffcfe7b0000 - 0x00007ffcfe7b8000 	C:\Windows\System32\NSI.dll
0x00007ffcf8510000 - 0x00007ffcf8527000 	C:\Windows\SYSTEM32\dhcpcsvc6.DLL
0x00007ffcf84d0000 - 0x00007ffcf84ed000 	C:\Windows\SYSTEM32\dhcpcsvc.DLL
0x00007ffcfd2e0000 - 0x00007ffcfd3ab000 	C:\Windows\SYSTEM32\DNSAPI.dll
0x0000000061440000 - 0x000000006156b000 	C:\Users\Andrew\AppData\Local\Temp\Aparapi12470948647495404157\libgcc_s_seh-1.dll
0x000000006fc40000 - 0x00000000714f5000 	C:\Users\Andrew\AppData\Local\Temp\Aparapi8885922382551047191\libstdc++-6.dll
0x0000000064500000 - 0x0000000064945000 	C:\Users\Andrew\AppData\Local\Temp\Aparapi6427019775119291771\libaparapi.dll
0x00007ffc8d4a0000 - 0x00007ffc8d608000 	C:\Windows\SYSTEM32\OpenCL.dll
0x00007ffd002f0000 - 0x00007ffd00399000 	C:\Windows\System32\clbcatq.dll
0x00007ffcf8720000 - 0x00007ffcf8819000 	C:\Windows\System32\AppXDeploymentClient.dll
0x00007ffc7a1b0000 - 0x00007ffc7b3e9000 	C:\Windows\System32\DriverStore\FileRepository\nv_dispui.inf_amd64_9fd475b10ff158a2\nvopencl64.dll
0x00007ffcf4f90000 - 0x00007ffcf56f7000 	C:\Windows\SYSTEM32\nvapi64.dll
0x00007ffcfee60000 - 0x00007ffcff2d2000 	C:\Windows\System32\SETUPAPI.dll
0x00007ffc77580000 - 0x00007ffc7a1a6000 	C:\Windows\System32\DriverStore\FileRepository\nv_dispui.inf_amd64_9fd475b10ff158a2\nvcompiler64.dll

dbghelp: loaded successfully - version: 4.0.5 - missing functions: none
symbol engine: initialized successfully - sym options: 0x614 - pdb path: .;C:\Users\Andrew\.p2\pool\plugins\org.eclipse.justj.openjdk.hotspot.jre.full.win32.x86_64_15.0.2.v20210201-0955\jre\bin;C:\Windows\SYSTEM32;C:\Windows\WinSxS\amd64_microsoft.windows.common-controls_6595b64144ccf1df_6.0.19041.1110_none_60b5254171f9507e;C:\Users\Andrew\.p2\pool\plugins\org.eclipse.justj.openjdk.hotspot.jre.full.win32.x86_64_15.0.2.v20210201-0955\jre\bin\server;C:\Windows\System32\DriverStore\FileRepository\nv_dispui.inf_amd64_9fd475b10ff158a2;C:\Users\Andrew\AppData\Local\Temp\Aparapi12470948647495404157;C:\Users\Andrew\AppData\Local\Temp\Aparapi8885922382551047191;C:\Users\Andrew\AppData\Local\Temp\Aparapi6427019775119291771

VM Arguments:
jvm_args: -Dfile.encoding=Cp1252 -XX:+ShowCodeDetailsInExceptionMessages 
java_command: main.Main
java_class_path (initial): C:\My Folder\Github\GPUProjectShowcase\GPUProjectShowcase\bin;C:\My Folder\Github\aparapi\target\classes;C:\Users\Andrew\.m2\repository\com\aparapi\aparapi-jni\1.4.3\aparapi-jni-1.4.3.jar;C:\Users\Andrew\.m2\repository\junit\junit\4.13.2\junit-4.13.2.jar;C:\Users\Andrew\.m2\repository\org\hamcrest\hamcrest-core\1.3\hamcrest-core-1.3.jar;C:\Users\Andrew\.m2\repository\org\apache\bcel\bcel\6.5.0\bcel-6.5.0.jar;C:\Users\Andrew\.m2\repository\org\scala-lang\scala-library\2.13.6\scala-library-2.13.6.jar
Launcher Type: SUN_STANDARD

[Global flags]
     intx CICompilerCount                          = 4                                         {product} {ergonomic}
     uint ConcGCThreads                            = 2                                         {product} {ergonomic}
     uint G1ConcRefinementThreads                  = 8                                         {product} {ergonomic}
   size_t G1HeapRegionSize                         = 2097152                                   {product} {ergonomic}
    uintx GCDrainStackTargetSize                   = 64                                        {product} {ergonomic}
   size_t InitialHeapSize                          = 268435456                                 {product} {ergonomic}
   size_t MarkStackSize                            = 4194304                                   {product} {ergonomic}
   size_t MaxHeapSize                              = 4276092928                                {product} {ergonomic}
   size_t MaxNewSize                               = 2564816896                                {product} {ergonomic}
   size_t MinHeapDeltaBytes                        = 2097152                                   {product} {ergonomic}
   size_t MinHeapSize                              = 8388608                                   {product} {ergonomic}
    uintx NonNMethodCodeHeapSize                   = 5839372                                {pd product} {ergonomic}
    uintx NonProfiledCodeHeapSize                  = 122909434                              {pd product} {ergonomic}
    uintx ProfiledCodeHeapSize                     = 122909434                              {pd product} {ergonomic}
    uintx ReservedCodeCacheSize                    = 251658240                              {pd product} {ergonomic}
     bool SegmentedCodeCache                       = true                                      {product} {ergonomic}
     bool ShowCodeDetailsInExceptionMessages       = true                                   {manageable} {command line}
   size_t SoftMaxHeapSize                          = 4276092928                             {manageable} {ergonomic}
     bool UseCompressedClassPointers               = true                                 {lp64_product} {ergonomic}
     bool UseCompressedOops                        = true                                 {lp64_product} {ergonomic}
     bool UseG1GC                                  = true                                      {product} {ergonomic}
     bool UseLargePagesIndividualAllocation        = false                                  {pd product} {ergonomic}

Logging:
Log output configuration:
 #0: stdout all=warning uptime,level,tags
 #1: stderr all=off uptime,level,tags

Environment Variables:
PATH=C:/Users/Andrew/.p2/pool/plugins/org.eclipse.justj.openjdk.hotspot.jre.full.win32.x86_64_15.0.2.v20210201-0955/jre/bin/server;C:/Users/Andrew/.p2/pool/plugins/org.eclipse.justj.openjdk.hotspot.jre.full.win32.x86_64_15.0.2.v20210201-0955/jre/bin;C:\Program Files\NVIDIA GPU Computing Toolkit\CUDA\v11.6\bin;C:\Program Files\NVIDIA GPU Computing Toolkit\CUDA\v11.6\libnvvp;C:\Program Files (x86)\Common Files\Oracle\Java\javapath;C:\Windows\system32;C:\Windows;C:\Windows\System32\Wbem;C:\Windows\System32\WindowsPowerShell\v1.0\;C:\Windows\System32\OpenSSH\;C:\Program Files\NVIDIA Corporation\NVIDIA NvDLISR;C:\Program Files\NVIDIA Corporation\Nsight Compute 2022.1.0\;C:\Program Files (x86)\NVIDIA Corporation\PhysX\Common;C:\Program Files\MySQL\MySQL Shell 8.0\bin\;C:\Users\Andrew\AppData\Local\Microsoft\WindowsApps;C:\Users\Andrew\AppData\Local\GitHubDesktop\bin;C:\Users\Andrew\AppData\Local\Programs\Microsoft VS Code\bin;C:\msys64\mingw64\bin;;C:\Users\Andrew\Desktop;
USERNAME=Andrew
OS=Windows_NT
PROCESSOR_IDENTIFIER=Intel64 Family 6 Model 165 Stepping 3, GenuineIntel



---------------  S Y S T E M  ---------------

OS:
 Windows 10 , 64 bit Build 19041 (10.0.19041.1503)
OS uptime: 0 days 9:14 hours

CPU: total 8 (initial active 8) (4 cores per cpu, 2 threads per core) family 6 model 165 stepping 3 microcode 0xcc, cmov, cx8, fxsr, mmx, sse, sse2, sse3, ssse3, sse4.1, sse4.2, popcnt, vzeroupper, avx, avx2, aes, clmul, erms, 3dnowpref, lzcnt, ht, tsc, tscinvbit, bmi1, bmi2, adx, fma, clflush, clflushopt

Memory: 4k page, system-wide physical 16310M (8904M free)
TotalPageFile size 29622M (AvailPageFile size 16825M)
current process WorkingSet (physical memory assigned to process): 266M, peak: 266M
current process commit charge ("private bytes"): 589M, peak: 589M

vm_info: OpenJDK 64-Bit Server VM (15.0.2+7-27) for windows-amd64 JRE (15.0.2+7-27), built on Dec  7 2020 20:02:38 by "mach5one" with unknown MS VC++:1925

END.
