#
# A fatal error has been detected by the Java Runtime Environment:
#
#  EXCEPTION_ACCESS_VIOLATION (0xc0000005) at pc=0x00007ffcfebcf8b6, pid=11200, tid=2636
#
# JRE version: OpenJDK Runtime Environment (15.0.2+7) (build 15.0.2+7-27)
# Java VM: OpenJDK 64-Bit Server VM (15.0.2+7-27, mixed mode, tiered, compressed oops, g1 gc, windows-amd64)
# Problematic frame:
# C  [msvcrt.dll+0x4f8b6]
#
# No core dump will be written. Minidumps are not enabled by default on client versions of Windows
#
# If you would like to submit a bug report, please visit:
#   https://bugreport.java.com/bugreport/crash.jsp
# The crash happened outside the Java Virtual Machine in native code.
# See problematic frame for where to report the bug.
#

---------------  S U M M A R Y ------------

Command Line: -Dfile.encoding=Cp1252 -XX:+ShowCodeDetailsInExceptionMessages main.Main

Host: Intel(R) Core(TM) i3-10100 CPU @ 3.60GHz, 8 cores, 15G,  Windows 10 , 64 bit Build 19041 (10.0.19041.1503)
Time: Sat Feb 26 17:13:37 2022 Central Standard Time elapsed time: 1.981746 seconds (0d 0h 0m 1s)

---------------  T H R E A D  ---------------

Current thread (0x0000023ac5c99250):  JavaThread "Thread-0" [_thread_in_native, id=2636, stack(0x0000008ecb950000,0x0000008ecba50000)]

Stack: [0x0000008ecb950000,0x0000008ecba50000],  sp=0x0000008ecba4e2a0,  free space=1016k
Native frames: (J=compiled Java code, j=interpreted, Vv=VM code, C=native code)
C  [msvcrt.dll+0x4f8b6]
C  [msvcrt.dll+0x475cb]
C  [libaparapi.dll+0x7cf9]

Java frames: (J=compiled Java code, j=interpreted, Vv=VM code)
j  com.aparapi.internal.jni.KernelRunnerJNI.runKernelJNI(JLcom/aparapi/Range;ZILjava/nio/ByteBuffer;Ljava/nio/ByteBuffer;)I+0
j  com.aparapi.internal.kernel.KernelRunner.executeOpenCL(Lcom/aparapi/device/Device;Lcom/aparapi/internal/kernel/KernelRunner$ExecutionSettings;)Lcom/aparapi/Kernel;+93
j  com.aparapi.internal.kernel.KernelRunner.executeInternalInner(Lcom/aparapi/internal/kernel/KernelRunner$ExecutionSettings;Lcom/aparapi/device/Device;Z)Lcom/aparapi/Kernel;+3555
j  com.aparapi.internal.kernel.KernelRunner.executeInternalOuter(Lcom/aparapi/internal/kernel/KernelRunner$ExecutionSettings;)Lcom/aparapi/Kernel;+4
j  com.aparapi.internal.kernel.KernelRunner.execute(Ljava/lang/String;Lcom/aparapi/Range;I)Lcom/aparapi/Kernel;+78
j  com.aparapi.Kernel.execute(Ljava/lang/String;Lcom/aparapi/Range;I)Lcom/aparapi/Kernel;+7
j  com.aparapi.Kernel.execute(Lcom/aparapi/Range;I)Lcom/aparapi/Kernel;+6
j  com.aparapi.Kernel.execute(I)Lcom/aparapi/Kernel;+7
j  state.NBody.doGravity()V+200
j  state.NBody.tick(Ljava/awt/Point;)V+228
j  state.StateManager.tick(Ljava/awt/Point;)V+16
j  main.MainPanel.tick()V+81
j  main.MainPanel.run()V+18
j  java.lang.Thread.run()V+11 java.base@15.0.2
v  ~StubRoutines::call_stub

siginfo: EXCEPTION_ACCESS_VIOLATION (0xc0000005), reading address 0x0000000000000001


Register to memory mapping:

RIP=0x00007ffcfebcf8b6 msvcrt.dll
RAX=0x0000000000000001 is an unknown value
RBX=0x0000000000000001 is an unknown value
RCX=0x000000007ffffffe is an unknown value
RDX=0x0000000000000073 is an unknown value
RSP=0x0000008ecba4e2a0 is pointing into the stack for thread: 0x0000023ac5c99250
RBP=0x0000008ecba4e3a0 is pointing into the stack for thread: 0x0000023ac5c99250
RSI=0x000000006451f1b7 libaparapi.dll
RDI=0x0000000000000073 is an unknown value
R8 =0xffffffffffffffff is an unknown value
R9 =0x0000000000000007 is an unknown value
R10=0x0 is NULL
R11=0x0000000000000200 is an unknown value
R12=0x00000000ffffffff is an unknown value
R13=0x0000008ecba4e620 is pointing into the stack for thread: 0x0000023ac5c99250
R14=0x0000000000000061 is an unknown value
R15=0x0 is NULL


Registers:
RAX=0x0000000000000001, RBX=0x0000000000000001, RCX=0x000000007ffffffe, RDX=0x0000000000000073
RSP=0x0000008ecba4e2a0, RBP=0x0000008ecba4e3a0, RSI=0x000000006451f1b7, RDI=0x0000000000000073
R8 =0xffffffffffffffff, R9 =0x0000000000000007, R10=0x0000000000000000, R11=0x0000000000000200
R12=0x00000000ffffffff, R13=0x0000008ecba4e620, R14=0x0000000000000061, R15=0x0000000000000000
RIP=0x00007ffcfebcf8b6, EFLAGS=0x0000000000010202

Top of Stack: (sp=0x0000008ecba4e2a0)
0x0000008ecba4e2a0:   0000023acc409680 00000000ffffffaf
0x0000008ecba4e2b0:   0000000000000051 0000000000000004
0x0000008ecba4e2c0:   0000023aa36d0000 0000008ecba4e389
0x0000008ecba4e2d0:   0000000000000002 00007ffd0075b3c7
0x0000008ecba4e2e0:   0000023a00000061 0000005100000000
0x0000008ecba4e2f0:   0000000000000000 0000000700000000
0x0000008ecba4e300:   0000000000000000 00007ffcfec0fa60
0x0000008ecba4e310:   000042f775b84f69 0000000000000000
0x0000008ecba4e320:   000000006451f1b7 0000008ecba4e570
0x0000008ecba4e330:   00007ffcfec0f0a0 0000023aa36d4110
0x0000008ecba4e340:   0000023acc401d90 0000023acc423701
0x0000008ecba4e350:   0000000064521fe0 00007ffd00755ba1
0x0000008ecba4e360:   00000022c0000027 0000000000000000
0x0000008ecba4e370:   00007ffcfe464f69 0000023a00000004
0x0000008ecba4e380:   0000023acc423790 0000008ecba4e600
0x0000008ecba4e390:   0000000064507c42 0000000000000002 

Instructions: (pc=0x00007ffcfebcf8b6)
0x00007ffcfebcf7b6:   f7 c7 30 08 00 00 75 05 41 0f ba ef 0b 49 83 c5
0x00007ffcfebcf7c6:   08 41 f7 c7 10 08 00 00 74 27 45 0f b7 4d f8 48
0x00007ffcfebcf7d6:   8d 55 b0 4d 8b c3 48 8d 4c 24 4c e8 ba 64 fb ff
0x00007ffcfebcf7e6:   45 33 d2 85 c0 74 19 c7 44 24 58 01 00 00 00 eb
0x00007ffcfebcf7f6:   0f 41 8a 45 f8 88 45 b0 c7 44 24 4c 01 00 00 00
0x00007ffcfebcf806:   48 8d 5d b0 e9 4a 03 00 00 c7 44 24 64 01 00 00
0x00007ffcfebcf816:   00 40 80 c7 20 41 83 cf 40 48 8d 5d b0 45 8b f3
0x00007ffcfebcf826:   45 85 e4 0f 89 34 02 00 00 41 bc 06 00 00 00 e9
0x00007ffcfebcf836:   78 02 00 00 40 80 ff 67 7e db 40 80 ff 69 0f 84
0x00007ffcfebcf846:   fb 00 00 00 40 80 ff 6e 0f 84 bd 00 00 00 40 80
0x00007ffcfebcf856:   ff 6f 0f 84 a3 00 00 00 40 80 ff 70 74 69 40 80
0x00007ffcfebcf866:   ff 73 0f 84 01 ff ff ff 40 80 ff 75 0f 84 d1 00
0x00007ffcfebcf876:   00 00 40 80 ff 78 0f 85 d7 02 00 00 b8 27 00 00
0x00007ffcfebcf886:   00 eb 54 ff c9 66 44 39 10 74 08 48 83 c0 02 85
0x00007ffcfebcf896:   c9 75 f0 48 2b c3 48 d1 f8 eb 23 48 85 db 48 8d
0x00007ffcfebcf8a6:   05 71 c7 02 00 48 0f 45 c3 48 8b d8 eb 0a ff c9
0x00007ffcfebcf8b6:   44 38 10 74 07 48 ff c0 85 c9 75 f2 2b c3 89 44
0x00007ffcfebcf8c6:   24 4c e9 8c 02 00 00 41 bc 10 00 00 00 41 0f ba
0x00007ffcfebcf8d6:   ef 0f b8 07 00 00 00 89 44 24 60 45 84 ff 79 13
0x00007ffcfebcf8e6:   04 51 c6 44 24 44 30 88 44 24 45 c7 44 24 48 02
0x00007ffcfebcf8f6:   00 00 00 41 ba 10 00 00 00 eb 4e 41 ba 08 00 00
0x00007ffcfebcf906:   00 45 84 ff 79 43 45 0b fb eb 3e 49 8b 7d 00 49
0x00007ffcfebcf916:   83 c5 08 e8 36 fa ff ff 45 33 d2 85 c0 0f 84 b4
0x00007ffcfebcf926:   05 00 00 41 f6 c7 20 74 06 66 44 89 37 eb 03 44
0x00007ffcfebcf936:   89 37 c7 44 24 58 01 00 00 00 e9 59 03 00 00 41
0x00007ffcfebcf946:   83 cf 40 41 ba 0a 00 00 00 49 83 c5 08 41 0f ba
0x00007ffcfebcf956:   e7 0f 72 07 41 0f ba e7 0c 73 06 49 8b 45 f8 eb
0x00007ffcfebcf966:   2c 41 8b c7 83 e0 40 41 f6 c7 20 74 12 85 c0 74
0x00007ffcfebcf976:   07 49 0f bf 45 f8 eb 15 41 0f b7 45 f8 eb 0e 85
0x00007ffcfebcf986:   c0 74 06 49 63 45 f8 eb 04 41 8b 45 f8 41 f6 c7
0x00007ffcfebcf996:   40 74 0d 48 85 c0 79 08 48 f7 d8 41 0f ba ef 08
0x00007ffcfebcf9a6:   41 f7 c7 00 90 00 00 44 8b c0 bf 00 02 00 00 4c 


Stack slot to memory mapping:
stack at sp + 0 slots: 0x0000023acc409680 points into unknown readable memory: 0x6f206c656e72654b | 4b 65 72 6e 65 6c 20 6f
stack at sp + 1 slots: 0x00000000ffffffaf is an unknown value
stack at sp + 2 slots: 0x0000000000000051 is an unknown value
stack at sp + 3 slots: 0x0000000000000004 is an unknown value
stack at sp + 4 slots: 0x0000023aa36d0000 points into unknown readable memory: 0x0000000000000000 | 00 00 00 00 00 00 00 00
stack at sp + 5 slots: 0x0000008ecba4e389 is pointing into the stack for thread: 0x0000023ac5c99250
stack at sp + 6 slots: 0x0000000000000002 is an unknown value
stack at sp + 7 slots: 0x00007ffd0075b3c7 ntdll.dll


---------------  P R O C E S S  ---------------

Threads class SMR info:
_java_thread_list=0x0000023ac5d7efd0, length=17, elements={
0x0000023ac50a2020, 0x0000023ac50a2ad0, 0x0000023ac50c2bb0, 0x0000023ac50c5670,
0x0000023ac50c7130, 0x0000023ac50da6f0, 0x0000023ac50db290, 0x0000023ac50f0460,
0x0000023ac529ce50, 0x0000023ac5297ec0, 0x0000023ac57bcb20, 0x0000023ac57e2a60,
0x0000023ac57e2f30, 0x0000023ac5c99250, 0x0000023ac5cdbc80, 0x0000023aa58be260,
0x0000023ac5296b50
}

Java Threads: ( => current thread )
  0x0000023ac50a2020 JavaThread "Reference Handler" daemon [_thread_blocked, id=11528, stack(0x0000008eca900000,0x0000008ecaa00000)]
  0x0000023ac50a2ad0 JavaThread "Finalizer" daemon [_thread_blocked, id=6412, stack(0x0000008ecaa00000,0x0000008ecab00000)]
  0x0000023ac50c2bb0 JavaThread "Signal Dispatcher" daemon [_thread_blocked, id=17572, stack(0x0000008ecab00000,0x0000008ecac00000)]
  0x0000023ac50c5670 JavaThread "Attach Listener" daemon [_thread_blocked, id=5212, stack(0x0000008ecac00000,0x0000008ecad00000)]
  0x0000023ac50c7130 JavaThread "Service Thread" daemon [_thread_blocked, id=16400, stack(0x0000008ecad00000,0x0000008ecae00000)]
  0x0000023ac50da6f0 JavaThread "C2 CompilerThread0" daemon [_thread_blocked, id=18368, stack(0x0000008ecae00000,0x0000008ecaf00000)]
  0x0000023ac50db290 JavaThread "C1 CompilerThread0" daemon [_thread_blocked, id=4372, stack(0x0000008ecaf00000,0x0000008ecb000000)]
  0x0000023ac50f0460 JavaThread "Sweeper thread" daemon [_thread_blocked, id=9368, stack(0x0000008ecb000000,0x0000008ecb100000)]
  0x0000023ac529ce50 JavaThread "Notification Thread" daemon [_thread_blocked, id=8924, stack(0x0000008ecb100000,0x0000008ecb200000)]
  0x0000023ac5297ec0 JavaThread "Common-Cleaner" daemon [_thread_blocked, id=17556, stack(0x0000008ecb300000,0x0000008ecb400000)]
  0x0000023ac57bcb20 JavaThread "Java2D Disposer" daemon [_thread_blocked, id=11836, stack(0x0000008ecb400000,0x0000008ecb500000)]
  0x0000023ac57e2a60 JavaThread "AWT-Shutdown" [_thread_blocked, id=17004, stack(0x0000008ecb500000,0x0000008ecb600000)]
  0x0000023ac57e2f30 JavaThread "AWT-Windows" daemon [_thread_in_native, id=4584, stack(0x0000008ecb600000,0x0000008ecb700000)]
=>0x0000023ac5c99250 JavaThread "Thread-0" [_thread_in_native, id=2636, stack(0x0000008ecb950000,0x0000008ecba50000)]
  0x0000023ac5cdbc80 JavaThread "AWT-EventQueue-0" [_thread_blocked, id=16596, stack(0x0000008ecba50000,0x0000008ecbb50000)]
  0x0000023aa58be260 JavaThread "DestroyJavaVM" [_thread_blocked, id=13296, stack(0x0000008eca200000,0x0000008eca300000)]
  0x0000023ac5296b50 JavaThread "D3D Screen Updater" daemon [_thread_blocked, id=12944, stack(0x0000008ecbb50000,0x0000008ecbc50000)]

Other Threads:
  0x0000023ac506ae40 VMThread "VM Thread" [stack: 0x0000008eca800000,0x0000008eca900000] [id=10348]
  0x0000023ac529d320 WatcherThread [stack: 0x0000008ecb200000,0x0000008ecb300000] [id=9048]
  0x0000023aa590ff00 GCTaskThread "GC Thread#0" [stack: 0x0000008eca300000,0x0000008eca400000] [id=17460]
  0x0000023ace228600 GCTaskThread "GC Thread#1" [stack: 0x0000008ecbc50000,0x0000008ecbd50000] [id=17024]
  0x0000023ace22a2b0 GCTaskThread "GC Thread#2" [stack: 0x0000008ecbda0000,0x0000008ecbea0000] [id=16024]
  0x0000023ace227940 GCTaskThread "GC Thread#3" [stack: 0x0000008ecbea0000,0x0000008ecbfa0000] [id=18360]
  0x0000023ace22a5e0 GCTaskThread "GC Thread#4" [stack: 0x0000008ecbfa0000,0x0000008ecc0a0000] [id=16928]
  0x0000023ace22a910 GCTaskThread "GC Thread#5" [stack: 0x0000008ecc0a0000,0x0000008ecc1a0000] [id=16028]
  0x0000023ace22af70 GCTaskThread "GC Thread#6" [stack: 0x0000008ecc1a0000,0x0000008ecc2a0000] [id=5624]
  0x0000023ace22ac40 GCTaskThread "GC Thread#7" [stack: 0x0000008ecc2a0000,0x0000008ecc3a0000] [id=17140]
  0x0000023aa59227d0 ConcurrentGCThread "G1 Main Marker" [stack: 0x0000008eca400000,0x0000008eca500000] [id=16080]
  0x0000023aa59243d0 ConcurrentGCThread "G1 Conc#0" [stack: 0x0000008eca500000,0x0000008eca600000] [id=17400]
  0x0000023aa599df50 ConcurrentGCThread "G1 Refine#0" [stack: 0x0000008eca600000,0x0000008eca700000] [id=17052]
  0x0000023ace184bb0 ConcurrentGCThread "G1 Refine#1" [stack: 0x0000008ecc3a0000,0x0000008ecc4a0000] [id=10112]
  0x0000023ace17adf0 ConcurrentGCThread "G1 Refine#2" [stack: 0x0000008ecc4a0000,0x0000008ecc5a0000] [id=16696]
  0x0000023aa599e9f0 ConcurrentGCThread "G1 Young RemSet Sampling" [stack: 0x0000008eca700000,0x0000008eca800000] [id=16828]

Threads with active compile tasks:

VM state: not at safepoint (normal execution)

VM Mutex/Monitor currently owned by a thread: None

Heap address: 0x0000000701200000, size: 4078 MB, Compressed Oops mode: Zero based, Oop shift amount: 3
CDS disabled.
Compressed class space mapped at: 0x0000000800000000-0x0000000840000000, size: 1073741824
Narrow klass base: 0x0000000800000000, Narrow klass shift: 0, Narrow klass range: 0x40000000

GC Precious Log:
 CPUs: 8 total, 8 available
 Memory: 16310M
 Large Page Support: Disabled
 NUMA Support: Disabled
 Compressed Oops: Enabled (Zero based)
 Heap Region Size: 2M
 Heap Min Capacity: 8M
 Heap Initial Capacity: 256M
 Heap Max Capacity: 4078M
 Pre-touch: Disabled
 Parallel Workers: 8
 Concurrent Workers: 2
 Concurrent Refinement Workers: 8
 Periodic GC: Disabled

Heap:
 garbage-first heap   total 262144K, used 99672K [0x0000000701200000, 0x0000000800000000)
  region size 2048K, 4 young (8192K), 2 survivors (4096K)
 Metaspace       used 18790K, capacity 18970K, committed 19072K, reserved 1067008K
  class space    used 2022K, capacity 2091K, committed 2176K, reserved 1048576K

Heap Regions: E=young(eden), S=young(survivor), O=old, HS=humongous(starts), HC=humongous(continues), CS=collection set, F=free, OA=open archive, CA=closed archive, TAMS=top-at-mark-start (previous, next)
|   0|0x0000000701200000, 0x0000000701400000, 0x0000000701400000|100%|HS|  |TAMS 0x0000000701200000, 0x0000000701200000| Complete 
|   1|0x0000000701400000, 0x0000000701600000, 0x0000000701600000|100%|HS|  |TAMS 0x0000000701400000, 0x0000000701400000| Complete 
|   2|0x0000000701600000, 0x0000000701800000, 0x0000000701800000|100%|HS|  |TAMS 0x0000000701600000, 0x0000000701600000| Complete 
|   3|0x0000000701800000, 0x0000000701a00000, 0x0000000701a00000|100%|HS|  |TAMS 0x0000000701800000, 0x0000000701800000| Complete 
|   4|0x0000000701a00000, 0x0000000701c00000, 0x0000000701c00000|100%|HS|  |TAMS 0x0000000701a00000, 0x0000000701a00000| Complete 
|   5|0x0000000701c00000, 0x0000000701e00000, 0x0000000701e00000|100%|HS|  |TAMS 0x0000000701c00000, 0x0000000701c00000| Complete 
|   6|0x0000000701e00000, 0x0000000702000000, 0x0000000702000000|100%|HS|  |TAMS 0x0000000701e00000, 0x0000000701e00000| Complete 
|   7|0x0000000702000000, 0x0000000702200000, 0x0000000702200000|100%|HS|  |TAMS 0x0000000702000000, 0x0000000702000000| Complete 
|   8|0x0000000702200000, 0x0000000702400000, 0x0000000702400000|100%|HS|  |TAMS 0x0000000702200000, 0x0000000702200000| Complete 
|   9|0x0000000702400000, 0x0000000702600000, 0x0000000702600000|100%|HS|  |TAMS 0x0000000702400000, 0x0000000702400000| Complete 
|  10|0x0000000702600000, 0x0000000702800000, 0x0000000702800000|100%|HS|  |TAMS 0x0000000702600000, 0x0000000702600000| Complete 
|  11|0x0000000702800000, 0x0000000702a00000, 0x0000000702a00000|100%|HS|  |TAMS 0x0000000702800000, 0x0000000702800000| Complete 
|  12|0x0000000702a00000, 0x0000000702c00000, 0x0000000702c00000|100%|HS|  |TAMS 0x0000000702a00000, 0x0000000702a00000| Complete 
|  13|0x0000000702c00000, 0x0000000702e00000, 0x0000000702e00000|100%|HS|  |TAMS 0x0000000702c00000, 0x0000000702c00000| Complete 
|  14|0x0000000702e00000, 0x0000000703000000, 0x0000000703000000|100%|HS|  |TAMS 0x0000000702e00000, 0x0000000702e00000| Complete 
|  15|0x0000000703000000, 0x0000000703200000, 0x0000000703200000|100%|HS|  |TAMS 0x0000000703000000, 0x0000000703000000| Complete 
|  16|0x0000000703200000, 0x0000000703400000, 0x0000000703400000|100%|HS|  |TAMS 0x0000000703200000, 0x0000000703200000| Complete 
|  17|0x0000000703400000, 0x0000000703600000, 0x0000000703600000|100%|HS|  |TAMS 0x0000000703400000, 0x0000000703400000| Complete 
|  18|0x0000000703600000, 0x0000000703800000, 0x0000000703800000|100%|HS|  |TAMS 0x0000000703600000, 0x0000000703600000| Complete 
|  19|0x0000000703800000, 0x0000000703a00000, 0x0000000703a00000|100%|HS|  |TAMS 0x0000000703800000, 0x0000000703800000| Complete 
|  20|0x0000000703a00000, 0x0000000703c00000, 0x0000000703c00000|100%|HS|  |TAMS 0x0000000703a00000, 0x0000000703a00000| Complete 
|  21|0x0000000703c00000, 0x0000000703e00000, 0x0000000703e00000|100%|HS|  |TAMS 0x0000000703c00000, 0x0000000703c00000| Complete 
|  22|0x0000000703e00000, 0x0000000704000000, 0x0000000704000000|100%|HS|  |TAMS 0x0000000703e00000, 0x0000000703e00000| Complete 
|  23|0x0000000704000000, 0x0000000704200000, 0x0000000704200000|100%|HS|  |TAMS 0x0000000704000000, 0x0000000704000000| Complete 
|  24|0x0000000704200000, 0x0000000704400000, 0x0000000704400000|100%|HS|  |TAMS 0x0000000704200000, 0x0000000704200000| Complete 
|  25|0x0000000704400000, 0x0000000704600000, 0x0000000704600000|100%|HS|  |TAMS 0x0000000704400000, 0x0000000704400000| Complete 
|  26|0x0000000704600000, 0x0000000704800000, 0x0000000704800000|100%|HS|  |TAMS 0x0000000704600000, 0x0000000704600000| Complete 
|  27|0x0000000704800000, 0x0000000704a00000, 0x0000000704a00000|100%|HS|  |TAMS 0x0000000704800000, 0x0000000704800000| Complete 
|  28|0x0000000704a00000, 0x0000000704c00000, 0x0000000704c00000|100%|HS|  |TAMS 0x0000000704a00000, 0x0000000704a00000| Complete 
|  29|0x0000000704c00000, 0x0000000704e00000, 0x0000000704e00000|100%|HS|  |TAMS 0x0000000704c00000, 0x0000000704c00000| Complete 
|  30|0x0000000704e00000, 0x0000000705000000, 0x0000000705000000|100%|HS|  |TAMS 0x0000000704e00000, 0x0000000704e00000| Complete 
|  31|0x0000000705000000, 0x0000000705200000, 0x0000000705200000|100%|HS|  |TAMS 0x0000000705000000, 0x0000000705000000| Complete 
|  32|0x0000000705200000, 0x0000000705400000, 0x0000000705400000|100%|HS|  |TAMS 0x0000000705200000, 0x0000000705200000| Complete 
|  33|0x0000000705400000, 0x0000000705600000, 0x0000000705600000|100%|HS|  |TAMS 0x0000000705400000, 0x0000000705400000| Complete 
|  34|0x0000000705600000, 0x0000000705800000, 0x0000000705800000|100%|HS|  |TAMS 0x0000000705600000, 0x0000000705600000| Complete 
|  35|0x0000000705800000, 0x0000000705a00000, 0x0000000705a00000|100%|HS|  |TAMS 0x0000000705800000, 0x0000000705800000| Complete 
|  36|0x0000000705a00000, 0x0000000705c00000, 0x0000000705c00000|100%|HS|  |TAMS 0x0000000705a00000, 0x0000000705a00000| Complete 
|  37|0x0000000705c00000, 0x0000000705e00000, 0x0000000705e00000|100%|HS|  |TAMS 0x0000000705c00000, 0x0000000705c00000| Complete 
|  38|0x0000000705e00000, 0x0000000706000000, 0x0000000706000000|100%|HS|  |TAMS 0x0000000705e00000, 0x0000000705e00000| Complete 
|  39|0x0000000706000000, 0x0000000706200000, 0x0000000706200000|100%|HS|  |TAMS 0x0000000706000000, 0x0000000706000000| Complete 
|  40|0x0000000706200000, 0x0000000706400000, 0x0000000706400000|100%|HS|  |TAMS 0x0000000706200000, 0x0000000706200000| Complete 
|  41|0x0000000706400000, 0x0000000706600000, 0x0000000706600000|100%|HS|  |TAMS 0x0000000706400000, 0x0000000706400000| Complete 
|  42|0x0000000706600000, 0x0000000706800000, 0x0000000706800000|100%|HS|  |TAMS 0x0000000706600000, 0x0000000706600000| Complete 
|  43|0x0000000706800000, 0x0000000706a00000, 0x0000000706a00000|100%|HS|  |TAMS 0x0000000706800000, 0x0000000706800000| Complete 
|  44|0x0000000706a00000, 0x0000000706c00000, 0x0000000706c00000|100%|HS|  |TAMS 0x0000000706a00000, 0x0000000706a00000| Complete 
|  45|0x0000000706c00000, 0x0000000706d56200, 0x0000000706e00000| 66%| O|  |TAMS 0x0000000706c00000, 0x0000000706c00000| Untracked 
|  46|0x0000000706e00000, 0x0000000706e00000, 0x0000000707000000|  0%| F|  |TAMS 0x0000000706e00000, 0x0000000706e00000| Untracked 
|  47|0x0000000707000000, 0x0000000707000000, 0x0000000707200000|  0%| F|  |TAMS 0x0000000707000000, 0x0000000707000000| Untracked 
|  48|0x0000000707200000, 0x0000000707200000, 0x0000000707400000|  0%| F|  |TAMS 0x0000000707200000, 0x0000000707200000| Untracked 
|  49|0x0000000707400000, 0x0000000707400000, 0x0000000707600000|  0%| F|  |TAMS 0x0000000707400000, 0x0000000707400000| Untracked 
|  50|0x0000000707600000, 0x0000000707600000, 0x0000000707800000|  0%| F|  |TAMS 0x0000000707600000, 0x0000000707600000| Untracked 
|  51|0x0000000707800000, 0x0000000707800000, 0x0000000707a00000|  0%| F|  |TAMS 0x0000000707800000, 0x0000000707800000| Untracked 
|  52|0x0000000707a00000, 0x0000000707a00000, 0x0000000707c00000|  0%| F|  |TAMS 0x0000000707a00000, 0x0000000707a00000| Untracked 
|  53|0x0000000707c00000, 0x0000000707c00000, 0x0000000707e00000|  0%| F|  |TAMS 0x0000000707c00000, 0x0000000707c00000| Untracked 
|  54|0x0000000707e00000, 0x0000000707e00000, 0x0000000708000000|  0%| F|  |TAMS 0x0000000707e00000, 0x0000000707e00000| Untracked 
|  55|0x0000000708000000, 0x0000000708000000, 0x0000000708200000|  0%| F|  |TAMS 0x0000000708000000, 0x0000000708000000| Untracked 
|  56|0x0000000708200000, 0x0000000708200000, 0x0000000708400000|  0%| F|  |TAMS 0x0000000708200000, 0x0000000708200000| Untracked 
|  57|0x0000000708400000, 0x0000000708400000, 0x0000000708600000|  0%| F|  |TAMS 0x0000000708400000, 0x0000000708400000| Untracked 
|  58|0x0000000708600000, 0x0000000708600000, 0x0000000708800000|  0%| F|  |TAMS 0x0000000708600000, 0x0000000708600000| Untracked 
|  59|0x0000000708800000, 0x0000000708800000, 0x0000000708a00000|  0%| F|  |TAMS 0x0000000708800000, 0x0000000708800000| Untracked 
|  60|0x0000000708a00000, 0x0000000708a00000, 0x0000000708c00000|  0%| F|  |TAMS 0x0000000708a00000, 0x0000000708a00000| Untracked 
|  61|0x0000000708c00000, 0x0000000708c00000, 0x0000000708e00000|  0%| F|  |TAMS 0x0000000708c00000, 0x0000000708c00000| Untracked 
|  62|0x0000000708e00000, 0x0000000708e00000, 0x0000000709000000|  0%| F|  |TAMS 0x0000000708e00000, 0x0000000708e00000| Untracked 
|  63|0x0000000709000000, 0x0000000709000000, 0x0000000709200000|  0%| F|  |TAMS 0x0000000709000000, 0x0000000709000000| Untracked 
|  64|0x0000000709200000, 0x0000000709200000, 0x0000000709400000|  0%| F|  |TAMS 0x0000000709200000, 0x0000000709200000| Untracked 
|  65|0x0000000709400000, 0x0000000709400000, 0x0000000709600000|  0%| F|  |TAMS 0x0000000709400000, 0x0000000709400000| Untracked 
|  66|0x0000000709600000, 0x0000000709600000, 0x0000000709800000|  0%| F|  |TAMS 0x0000000709600000, 0x0000000709600000| Untracked 
|  67|0x0000000709800000, 0x0000000709800000, 0x0000000709a00000|  0%| F|  |TAMS 0x0000000709800000, 0x0000000709800000| Untracked 
|  68|0x0000000709a00000, 0x0000000709a00000, 0x0000000709c00000|  0%| F|  |TAMS 0x0000000709a00000, 0x0000000709a00000| Untracked 
|  69|0x0000000709c00000, 0x0000000709c00000, 0x0000000709e00000|  0%| F|  |TAMS 0x0000000709c00000, 0x0000000709c00000| Untracked 
|  70|0x0000000709e00000, 0x0000000709e00000, 0x000000070a000000|  0%| F|  |TAMS 0x0000000709e00000, 0x0000000709e00000| Untracked 
|  71|0x000000070a000000, 0x000000070a000000, 0x000000070a200000|  0%| F|  |TAMS 0x000000070a000000, 0x000000070a000000| Untracked 
|  72|0x000000070a200000, 0x000000070a200000, 0x000000070a400000|  0%| F|  |TAMS 0x000000070a200000, 0x000000070a200000| Untracked 
|  73|0x000000070a400000, 0x000000070a400000, 0x000000070a600000|  0%| F|  |TAMS 0x000000070a400000, 0x000000070a400000| Untracked 
|  74|0x000000070a600000, 0x000000070a600000, 0x000000070a800000|  0%| F|  |TAMS 0x000000070a600000, 0x000000070a600000| Untracked 
|  75|0x000000070a800000, 0x000000070a800000, 0x000000070aa00000|  0%| F|  |TAMS 0x000000070a800000, 0x000000070a800000| Untracked 
|  76|0x000000070aa00000, 0x000000070aa00000, 0x000000070ac00000|  0%| F|  |TAMS 0x000000070aa00000, 0x000000070aa00000| Untracked 
|  77|0x000000070ac00000, 0x000000070ac00000, 0x000000070ae00000|  0%| F|  |TAMS 0x000000070ac00000, 0x000000070ac00000| Untracked 
|  78|0x000000070ae00000, 0x000000070ae00000, 0x000000070b000000|  0%| F|  |TAMS 0x000000070ae00000, 0x000000070ae00000| Untracked 
|  79|0x000000070b000000, 0x000000070b000000, 0x000000070b200000|  0%| F|  |TAMS 0x000000070b000000, 0x000000070b000000| Untracked 
|  80|0x000000070b200000, 0x000000070b200000, 0x000000070b400000|  0%| F|  |TAMS 0x000000070b200000, 0x000000070b200000| Untracked 
|  81|0x000000070b400000, 0x000000070b400000, 0x000000070b600000|  0%| F|  |TAMS 0x000000070b400000, 0x000000070b400000| Untracked 
|  82|0x000000070b600000, 0x000000070b600000, 0x000000070b800000|  0%| F|  |TAMS 0x000000070b600000, 0x000000070b600000| Untracked 
|  83|0x000000070b800000, 0x000000070b800000, 0x000000070ba00000|  0%| F|  |TAMS 0x000000070b800000, 0x000000070b800000| Untracked 
|  84|0x000000070ba00000, 0x000000070ba00000, 0x000000070bc00000|  0%| F|  |TAMS 0x000000070ba00000, 0x000000070ba00000| Untracked 
|  85|0x000000070bc00000, 0x000000070bc00000, 0x000000070be00000|  0%| F|  |TAMS 0x000000070bc00000, 0x000000070bc00000| Untracked 
|  86|0x000000070be00000, 0x000000070be00000, 0x000000070c000000|  0%| F|  |TAMS 0x000000070be00000, 0x000000070be00000| Untracked 
|  87|0x000000070c000000, 0x000000070c000000, 0x000000070c200000|  0%| F|  |TAMS 0x000000070c000000, 0x000000070c000000| Untracked 
|  88|0x000000070c200000, 0x000000070c200000, 0x000000070c400000|  0%| F|  |TAMS 0x000000070c200000, 0x000000070c200000| Untracked 
|  89|0x000000070c400000, 0x000000070c400000, 0x000000070c600000|  0%| F|  |TAMS 0x000000070c400000, 0x000000070c400000| Untracked 
|  90|0x000000070c600000, 0x000000070c600000, 0x000000070c800000|  0%| F|  |TAMS 0x000000070c600000, 0x000000070c600000| Untracked 
|  91|0x000000070c800000, 0x000000070c800000, 0x000000070ca00000|  0%| F|  |TAMS 0x000000070c800000, 0x000000070c800000| Untracked 
|  92|0x000000070ca00000, 0x000000070ca00000, 0x000000070cc00000|  0%| F|  |TAMS 0x000000070ca00000, 0x000000070ca00000| Untracked 
|  93|0x000000070cc00000, 0x000000070cc00000, 0x000000070ce00000|  0%| F|  |TAMS 0x000000070cc00000, 0x000000070cc00000| Untracked 
|  94|0x000000070ce00000, 0x000000070ce00000, 0x000000070d000000|  0%| F|  |TAMS 0x000000070ce00000, 0x000000070ce00000| Untracked 
|  95|0x000000070d000000, 0x000000070d000000, 0x000000070d200000|  0%| F|  |TAMS 0x000000070d000000, 0x000000070d000000| Untracked 
|  96|0x000000070d200000, 0x000000070d200000, 0x000000070d400000|  0%| F|  |TAMS 0x000000070d200000, 0x000000070d200000| Untracked 
|  97|0x000000070d400000, 0x000000070d400000, 0x000000070d600000|  0%| F|  |TAMS 0x000000070d400000, 0x000000070d400000| Untracked 
|  98|0x000000070d600000, 0x000000070d600000, 0x000000070d800000|  0%| F|  |TAMS 0x000000070d600000, 0x000000070d600000| Untracked 
|  99|0x000000070d800000, 0x000000070d800000, 0x000000070da00000|  0%| F|  |TAMS 0x000000070d800000, 0x000000070d800000| Untracked 
| 100|0x000000070da00000, 0x000000070da00000, 0x000000070dc00000|  0%| F|  |TAMS 0x000000070da00000, 0x000000070da00000| Untracked 
| 101|0x000000070dc00000, 0x000000070dc00000, 0x000000070de00000|  0%| F|  |TAMS 0x000000070dc00000, 0x000000070dc00000| Untracked 
| 102|0x000000070de00000, 0x000000070de00000, 0x000000070e000000|  0%| F|  |TAMS 0x000000070de00000, 0x000000070de00000| Untracked 
| 103|0x000000070e000000, 0x000000070e000000, 0x000000070e200000|  0%| F|  |TAMS 0x000000070e000000, 0x000000070e000000| Untracked 
| 104|0x000000070e200000, 0x000000070e200000, 0x000000070e400000|  0%| F|  |TAMS 0x000000070e200000, 0x000000070e200000| Untracked 
| 105|0x000000070e400000, 0x000000070e400000, 0x000000070e600000|  0%| F|  |TAMS 0x000000070e400000, 0x000000070e400000| Untracked 
| 106|0x000000070e600000, 0x000000070e600000, 0x000000070e800000|  0%| F|  |TAMS 0x000000070e600000, 0x000000070e600000| Untracked 
| 107|0x000000070e800000, 0x000000070e800000, 0x000000070ea00000|  0%| F|  |TAMS 0x000000070e800000, 0x000000070e800000| Untracked 
| 108|0x000000070ea00000, 0x000000070ea00000, 0x000000070ec00000|  0%| F|  |TAMS 0x000000070ea00000, 0x000000070ea00000| Untracked 
| 109|0x000000070ec00000, 0x000000070ec00000, 0x000000070ee00000|  0%| F|  |TAMS 0x000000070ec00000, 0x000000070ec00000| Untracked 
| 110|0x000000070ee00000, 0x000000070ee00000, 0x000000070f000000|  0%| F|  |TAMS 0x000000070ee00000, 0x000000070ee00000| Untracked 
| 111|0x000000070f000000, 0x000000070f000000, 0x000000070f200000|  0%| F|  |TAMS 0x000000070f000000, 0x000000070f000000| Untracked 
| 112|0x000000070f200000, 0x000000070f200000, 0x000000070f400000|  0%| F|  |TAMS 0x000000070f200000, 0x000000070f200000| Untracked 
| 113|0x000000070f400000, 0x000000070f400000, 0x000000070f600000|  0%| F|  |TAMS 0x000000070f400000, 0x000000070f400000| Untracked 
| 114|0x000000070f600000, 0x000000070f600000, 0x000000070f800000|  0%| F|  |TAMS 0x000000070f600000, 0x000000070f600000| Untracked 
| 115|0x000000070f800000, 0x000000070fa00000, 0x000000070fa00000|100%| S|CS|TAMS 0x000000070f800000, 0x000000070f800000| Complete 
| 116|0x000000070fa00000, 0x000000070fc00000, 0x000000070fc00000|100%| S|CS|TAMS 0x000000070fa00000, 0x000000070fa00000| Complete 
| 117|0x000000070fc00000, 0x000000070fc00000, 0x000000070fe00000|  0%| F|  |TAMS 0x000000070fc00000, 0x000000070fc00000| Untracked 
| 118|0x000000070fe00000, 0x000000070fe00000, 0x0000000710000000|  0%| F|  |TAMS 0x000000070fe00000, 0x000000070fe00000| Untracked 
| 119|0x0000000710000000, 0x0000000710000000, 0x0000000710200000|  0%| F|  |TAMS 0x0000000710000000, 0x0000000710000000| Untracked 
| 120|0x0000000710200000, 0x0000000710200000, 0x0000000710400000|  0%| F|  |TAMS 0x0000000710200000, 0x0000000710200000| Untracked 
| 121|0x0000000710400000, 0x0000000710400000, 0x0000000710600000|  0%| F|  |TAMS 0x0000000710400000, 0x0000000710400000| Untracked 
| 122|0x0000000710600000, 0x0000000710600000, 0x0000000710800000|  0%| F|  |TAMS 0x0000000710600000, 0x0000000710600000| Untracked 
| 123|0x0000000710800000, 0x0000000710800000, 0x0000000710a00000|  0%| F|  |TAMS 0x0000000710800000, 0x0000000710800000| Untracked 
| 124|0x0000000710a00000, 0x0000000710a00000, 0x0000000710c00000|  0%| F|  |TAMS 0x0000000710a00000, 0x0000000710a00000| Untracked 
| 125|0x0000000710c00000, 0x0000000710c00000, 0x0000000710e00000|  0%| F|  |TAMS 0x0000000710c00000, 0x0000000710c00000| Untracked 
| 126|0x0000000710e00000, 0x0000000710fc8238, 0x0000000711000000| 89%| E|  |TAMS 0x0000000710e00000, 0x0000000710e00000| Complete 
| 127|0x0000000711000000, 0x0000000711200000, 0x0000000711200000|100%| E|CS|TAMS 0x0000000711000000, 0x0000000711000000| Complete 

Card table byte_map: [0x0000023ab8e20000,0x0000023ab9620000] _byte_map_base: 0x0000023ab5617000

Marking Bits (Prev, Next): (CMBitMap*) 0x0000023aa5910770, (CMBitMap*) 0x0000023aa59107b0
 Prev Bits: [0x0000023ab9e20000, 0x0000023abddd8000)
 Next Bits: [0x0000023abdde0000, 0x0000023ac1d98000)

Polling page: 0x0000023aa36e0000

Metaspace:

Usage:
  Non-class:     16.48 MB capacity,    16.38 MB (>99%) used,    89.53 KB ( <1%) free+waste,    21.25 KB ( <1%) overhead. 
      Class:      2.04 MB capacity,     1.98 MB ( 97%) used,    60.80 KB (  3%) free+waste,     7.50 KB ( <1%) overhead. 
       Both:     18.53 MB capacity,    18.35 MB (>99%) used,   150.34 KB ( <1%) free+waste,    28.75 KB ( <1%) overhead. 

Virtual space:
  Non-class space:       18.00 MB reserved,      16.50 MB ( 92%) committed 
      Class space:        1.00 GB reserved,       2.12 MB ( <1%) committed 
             Both:        1.02 GB reserved,      18.62 MB (  2%) committed 

Chunk freelists:
   Non-Class:  17.00 KB
       Class:  21.00 KB
        Both:  38.00 KB

MaxMetaspaceSize: 17179869184.00 GB
CompressedClassSpaceSize: 1.00 GB

CodeHeap 'non-profiled nmethods': size=120000Kb used=503Kb max_used=503Kb free=119496Kb
 bounds [0x0000023ab0db0000, 0x0000023ab1020000, 0x0000023ab82e0000]
CodeHeap 'profiled nmethods': size=120000Kb used=2928Kb max_used=2928Kb free=117071Kb
 bounds [0x0000023aa9880000, 0x0000023aa9b60000, 0x0000023ab0db0000]
CodeHeap 'non-nmethods': size=5760Kb used=1292Kb max_used=1308Kb free=4467Kb
 bounds [0x0000023aa92e0000, 0x0000023aa9550000, 0x0000023aa9880000]
 total_blobs=2301 nmethods=1714 adapters=500
 compilation: enabled
              stopped_count=0, restarted_count=0
 full_count=0

Compilation events (20 events):
Event: 1.964 Thread 0x0000023ac50db290 nmethod 1702 0x0000023ab0e2c410 code [0x0000023ab0e2c5a0, 0x0000023ab0e2c638]
Event: 1.964 Thread 0x0000023ac50db290 1703       1       com.aparapi.internal.model.ClassModel$ClassModelMethod::getAttributePool (5 bytes)
Event: 1.964 Thread 0x0000023ac50db290 nmethod 1703 0x0000023ab0e2c710 code [0x0000023ab0e2c8a0, 0x0000023ab0e2c958]
Event: 1.964 Thread 0x0000023ac50db290 1704       1       com.aparapi.internal.model.ClassModel$AttributePool$CodeEntry::access$0 (5 bytes)
Event: 1.964 Thread 0x0000023ac50db290 nmethod 1704 0x0000023ab0e2ca10 code [0x0000023ab0e2cba0, 0x0000023ab0e2cc38]
Event: 1.964 Thread 0x0000023ac50db290 1705       1       com.aparapi.internal.model.ClassModel$AttributePool::access$2 (5 bytes)
Event: 1.964 Thread 0x0000023ac50db290 nmethod 1705 0x0000023ab0e2cd10 code [0x0000023ab0e2cea0, 0x0000023ab0e2cf38]
Event: 1.964 Thread 0x0000023ac50db290 1706       3       jdk.internal.math.FDBigInteger::mult (64 bytes)
Event: 1.964 Thread 0x0000023ac50db290 nmethod 1706 0x0000023aa9b5a110 code [0x0000023aa9b5a2c0, 0x0000023aa9b5a538]
Event: 1.964 Thread 0x0000023ac50db290 1708       3       jdk.internal.math.FDBigInteger::trimLeadingZeros (57 bytes)
Event: 1.964 Thread 0x0000023ac50da6f0 nmethod 1701 0x0000023ab0e2d010 code [0x0000023ab0e2d1a0, 0x0000023ab0e2d2b8]
Event: 1.964 Thread 0x0000023ac50db290 nmethod 1708 0x0000023aa9b5a710 code [0x0000023aa9b5a8c0, 0x0000023aa9b5abb8]
Event: 1.964 Thread 0x0000023ac50db290 1707       3       jdk.internal.math.FDBigInteger::<init> (30 bytes)
Event: 1.964 Thread 0x0000023ac50db290 nmethod 1707 0x0000023aa9b5ad10 code [0x0000023aa9b5aec0, 0x0000023aa9b5b0c8]
Event: 1.965 Thread 0x0000023ac50db290 1709       1       com.aparapi.internal.model.ClassModel$AttributePool$RealLocalVariableTableEntry$RealLocalVariableInfo::getLength (5 bytes)
Event: 1.965 Thread 0x0000023ac50db290 nmethod 1709 0x0000023ab0e2d410 code [0x0000023ab0e2d5a0, 0x0000023ab0e2d658]
Event: 1.965 Thread 0x0000023ac50db290 1710       1       com.aparapi.internal.model.ClassModel$AttributePool$RealLocalVariableTableEntry$RealLocalVariableInfo::getVariableIndex (5 bytes)
Event: 1.965 Thread 0x0000023ac50db290 nmethod 1710 0x0000023ab0e2d710 code [0x0000023ab0e2d8a0, 0x0000023ab0e2d958]
Event: 1.965 Thread 0x0000023ac50db290 1711       1       com.aparapi.internal.instruction.Instruction::getByteCode (5 bytes)
Event: 1.965 Thread 0x0000023ac50db290 nmethod 1711 0x0000023ab0e2da10 code [0x0000023ab0e2dba0, 0x0000023ab0e2dc58]

GC Heap History (2 events):
Event: 1.856 GC heap before
{Heap before GC invocations=0 (full 0):
 garbage-first heap   total 262144K, used 114688K [0x0000000701200000, 0x0000000800000000)
  region size 2048K, 11 young (22528K), 0 survivors (0K)
 Metaspace       used 18138K, capacity 18350K, committed 18688K, reserved 1067008K
  class space    used 1866K, capacity 1929K, committed 2048K, reserved 1048576K
}
Event: 1.859 GC heap after
{Heap after GC invocations=1 (full 0):
 garbage-first heap   total 262144K, used 97624K [0x0000000701200000, 0x0000000800000000)
  region size 2048K, 2 young (4096K), 2 survivors (4096K)
 Metaspace       used 18138K, capacity 18350K, committed 18688K, reserved 1067008K
  class space    used 1866K, capacity 1929K, committed 2048K, reserved 1048576K
}

Deoptimization events (20 events):
Event: 1.767 Thread 0x0000023ac5c99250 DEOPT PACKING pc=0x0000023ab0dfafc0 sp=0x0000008ecba4c970
Event: 1.767 Thread 0x0000023ac5c99250 DEOPT UNPACKING pc=0x0000023aa932e42f sp=0x0000008ecba4c8e8 mode 2
Event: 1.826 Thread 0x0000023ac5c99250 Uncommon trap: trap_request=0xffffff45 fr.pc=0x0000023ab0e0af80 relative=0x0000000000000260
Event: 1.826 Thread 0x0000023ac5c99250 Uncommon trap: reason=unstable_if action=reinterpret pc=0x0000023ab0e0af80 method=java.util.concurrent.ConcurrentHashMap.get(Ljava/lang/Object;)Ljava/lang/Object; @ 76 c2
Event: 1.826 Thread 0x0000023ac5c99250 DEOPT PACKING pc=0x0000023ab0e0af80 sp=0x0000008ecba4d3e0
Event: 1.826 Thread 0x0000023ac5c99250 DEOPT UNPACKING pc=0x0000023aa932e42f sp=0x0000008ecba4d358 mode 2
Event: 1.866 Thread 0x0000023ac5c99250 DEOPT PACKING pc=0x0000023aa9a5f358 sp=0x0000008ecba4c6e0
Event: 1.866 Thread 0x0000023ac5c99250 DEOPT UNPACKING pc=0x0000023aa932e23f sp=0x0000008ecba4bbe8 mode 0
Event: 1.887 Thread 0x0000023ac5c99250 Uncommon trap: trap_request=0xffffffde fr.pc=0x0000023ab0e05298 relative=0x0000000000000cf8
Event: 1.887 Thread 0x0000023ac5c99250 Uncommon trap: reason=class_check action=maybe_recompile pc=0x0000023ab0e05298 method=java.util.HashMap.putVal(ILjava/lang/Object;Ljava/lang/Object;ZZ)Ljava/lang/Object; @ 253 c2
Event: 1.887 Thread 0x0000023ac5c99250 DEOPT PACKING pc=0x0000023ab0e05298 sp=0x0000008ecba4daf0
Event: 1.887 Thread 0x0000023ac5c99250 DEOPT UNPACKING pc=0x0000023aa932e42f sp=0x0000008ecba4da28 mode 2
Event: 1.889 Thread 0x0000023ac5c99250 Uncommon trap: trap_request=0xffffffde fr.pc=0x0000023ab0e05298 relative=0x0000000000000cf8
Event: 1.889 Thread 0x0000023ac5c99250 Uncommon trap: reason=class_check action=maybe_recompile pc=0x0000023ab0e05298 method=java.util.HashMap.putVal(ILjava/lang/Object;Ljava/lang/Object;ZZ)Ljava/lang/Object; @ 253 c2
Event: 1.889 Thread 0x0000023ac5c99250 DEOPT PACKING pc=0x0000023ab0e05298 sp=0x0000008ecba4daf0
Event: 1.889 Thread 0x0000023ac5c99250 DEOPT UNPACKING pc=0x0000023aa932e42f sp=0x0000008ecba4da28 mode 2
Event: 1.889 Thread 0x0000023ac5c99250 Uncommon trap: trap_request=0xffffffde fr.pc=0x0000023ab0e06190 relative=0x0000000000000170
Event: 1.889 Thread 0x0000023ac5c99250 Uncommon trap: reason=class_check action=maybe_recompile pc=0x0000023ab0e06190 method=java.util.HashMap.putVal(ILjava/lang/Object;Ljava/lang/Object;ZZ)Ljava/lang/Object; @ 253 c2
Event: 1.889 Thread 0x0000023ac5c99250 DEOPT PACKING pc=0x0000023ab0e06190 sp=0x0000008ecba4da50
Event: 1.889 Thread 0x0000023ac5c99250 DEOPT UNPACKING pc=0x0000023aa932e42f sp=0x0000008ecba4da20 mode 2

Classes unloaded (0 events):
No events

Classes redefined (0 events):
No events

Internal exceptions (20 events):
Event: 0.409 Thread 0x0000023ac5cdbc80 Exception <a 'java/lang/NullPointerException'{0x000000071080dec0}> (0x000000071080dec0) 
thrown [./open/src/hotspot/share/interpreter/linkResolver.cpp, line 1374]
Event: 0.410 Thread 0x0000023ac5cdbc80 Exception <a 'java/lang/NullPointerException'{0x0000000710818bd8}> (0x0000000710818bd8) 
thrown [./open/src/hotspot/share/interpreter/linkResolver.cpp, line 1374]
Event: 0.412 Thread 0x0000023ac5cdbc80 Exception <a 'java/lang/NullPointerException'{0x0000000710823908}> (0x0000000710823908) 
thrown [./open/src/hotspot/share/interpreter/linkResolver.cpp, line 1374]
Event: 0.413 Thread 0x0000023ac5cdbc80 Exception <a 'java/lang/NullPointerException'{0x000000071082e7b8}> (0x000000071082e7b8) 
thrown [./open/src/hotspot/share/interpreter/linkResolver.cpp, line 1374]
Event: 0.414 Thread 0x0000023ac5cdbc80 Exception <a 'java/lang/NullPointerException'{0x00000007108394e8}> (0x00000007108394e8) 
thrown [./open/src/hotspot/share/interpreter/linkResolver.cpp, line 1374]
Event: 0.415 Thread 0x0000023ac5cdbc80 Exception <a 'java/lang/NullPointerException'{0x0000000710844218}> (0x0000000710844218) 
thrown [./open/src/hotspot/share/interpreter/linkResolver.cpp, line 1374]
Event: 0.416 Thread 0x0000023ac5cdbc80 Exception <a 'java/lang/NullPointerException'{0x000000071084ef88}> (0x000000071084ef88) 
thrown [./open/src/hotspot/share/interpreter/linkResolver.cpp, line 1374]
Event: 0.420 Thread 0x0000023ac5cdbc80 Exception <a 'java/lang/NullPointerException'{0x0000000710859cf8}> (0x0000000710859cf8) 
thrown [./open/src/hotspot/share/interpreter/linkResolver.cpp, line 1374]
Event: 0.422 Thread 0x0000023ac5cdbc80 Exception <a 'java/lang/NullPointerException'{0x0000000710864a68}> (0x0000000710864a68) 
thrown [./open/src/hotspot/share/interpreter/linkResolver.cpp, line 1374]
Event: 0.425 Thread 0x0000023ac5cdbc80 Exception <a 'java/lang/NullPointerException'{0x000000071086f7d8}> (0x000000071086f7d8) 
thrown [./open/src/hotspot/share/interpreter/linkResolver.cpp, line 1374]
Event: 0.435 Thread 0x0000023ac5cdbc80 Exception <a 'java/lang/NullPointerException'{0x000000071095d990}> (0x000000071095d990) 
thrown [./open/src/hotspot/share/interpreter/linkResolver.cpp, line 1374]
Event: 0.440 Thread 0x0000023ac5cdbc80 Exception <a 'java/lang/NullPointerException'{0x0000000710968700}> (0x0000000710968700) 
thrown [./open/src/hotspot/share/interpreter/linkResolver.cpp, line 1374]
Event: 0.444 Thread 0x0000023ac5cdbc80 Exception <a 'java/lang/NullPointerException'{0x0000000710973470}> (0x0000000710973470) 
thrown [./open/src/hotspot/share/interpreter/linkResolver.cpp, line 1374]
Event: 0.450 Thread 0x0000023ac5cdbc80 Exception <a 'java/lang/NullPointerException'{0x000000071097e1e0}> (0x000000071097e1e0) 
thrown [./open/src/hotspot/share/interpreter/linkResolver.cpp, line 1374]
Event: 0.454 Thread 0x0000023ac5cdbc80 Exception <a 'java/lang/NullPointerException'{0x0000000710988f50}> (0x0000000710988f50) 
thrown [./open/src/hotspot/share/interpreter/linkResolver.cpp, line 1374]
Event: 1.252 Thread 0x0000023ac5c99250 Exception <a 'java/lang/NoSuchMethodError'{0x00000007103784c8}: 'void java.lang.invoke.DirectMethodHandle$Holder.invokeStatic(java.lang.Object, java.lang.Object)'> (0x00000007103784c8) 
thrown [./open/src/hotspot/share/interpreter/linkResolver.cpp, line 782]
Event: 1.252 Thread 0x0000023ac5c99250 Exception <a 'java/lang/NoSuchMethodError'{0x000000071037bed0}: 'void java.lang.invoke.DirectMethodHandle$Holder.invokeStaticInit(java.lang.Object, java.lang.Object)'> (0x000000071037bed0) 
thrown [./open/src/hotspot/share/interpreter/linkResolver.cpp, line 782]
Event: 1.256 Thread 0x0000023ac5c99250 Exception <a 'java/lang/NoSuchMethodError'{0x00000007103a8cd0}: 'java.lang.Object java.lang.invoke.DirectMethodHandle$Holder.invokeStaticInit(java.lang.Object, int, int, int, int)'> (0x00000007103a8cd0) 
thrown [./open/src/hotspot/share/interpreter/linkResolver.cpp, line 782]
Event: 1.277 Thread 0x0000023ac5c99250 Exception <a 'java/lang/NoSuchMethodError'{0x00000007103ef3b8}: 'java.lang.Object java.lang.invoke.DirectMethodHandle$Holder.invokeStaticInit(java.lang.Object, java.lang.Object, int, int, int, int)'> (0x00000007103ef3b8) 
thrown [./open/src/hotspot/share/interpreter/linkResolver.cpp, line 782]
Event: 1.752 Thread 0x0000023ac5c99250 Exception <a 'java/lang/NoSuchMethodError'{0x000000071011dab0}: 'int java.lang.invoke.DirectMethodHandle$Holder.invokeStaticInit(java.lang.Object, java.lang.Object, java.lang.Object)'> (0x000000071011dab0) 
thrown [./open/src/hotspot/share/interpreter/linkResolver.cpp, line 782]

Events (20 events):
Event: 1.891 loading class jdk/internal/reflect/Label
Event: 1.891 loading class jdk/internal/reflect/Label done
Event: 1.891 loading class jdk/internal/reflect/Label$PatchInfo
Event: 1.891 loading class jdk/internal/reflect/Label$PatchInfo done
Event: 1.891 loading class jdk/internal/reflect/MethodAccessorGenerator$1
Event: 1.891 loading class jdk/internal/reflect/MethodAccessorGenerator$1 done
Event: 1.891 loading class jdk/internal/reflect/ClassDefiner
Event: 1.891 loading class jdk/internal/reflect/ClassDefiner done
Event: 1.891 loading class jdk/internal/reflect/ClassDefiner$1
Event: 1.891 loading class jdk/internal/reflect/ClassDefiner$1 done
Event: 1.891 loading class jdk/internal/reflect/BootstrapConstructorAccessorImpl
Event: 1.891 loading class jdk/internal/reflect/BootstrapConstructorAccessorImpl done
Event: 1.963 loading class java/util/Vector$Itr
Event: 1.963 loading class java/util/Vector$Itr done
Event: 1.964 loading class jdk/internal/math/FDBigInteger
Event: 1.964 loading class jdk/internal/math/FDBigInteger done
Event: 1.977 loading class jdk/internal/reflect/UnsafeQualifiedObjectFieldAccessorImpl
Event: 1.977 loading class jdk/internal/reflect/UnsafeQualifiedFieldAccessorImpl
Event: 1.977 loading class jdk/internal/reflect/UnsafeQualifiedFieldAccessorImpl done
Event: 1.977 loading class jdk/internal/reflect/UnsafeQualifiedObjectFieldAccessorImpl done


Dynamic libraries:
0x00007ff6de310000 - 0x00007ff6de31d000 	C:\Users\Andrew\.p2\pool\plugins\org.eclipse.justj.openjdk.hotspot.jre.full.win32.x86_64_15.0.2.v20210201-0955\jre\bin\javaw.exe
0x00007ffd00730000 - 0x00007ffd00925000 	C:\Windows\SYSTEM32\ntdll.dll
0x00007ffd00590000 - 0x00007ffd0064e000 	C:\Windows\System32\KERNEL32.DLL
0x00007ffcfe430000 - 0x00007ffcfe6f8000 	C:\Windows\System32\KERNELBASE.dll
0x00007ffcfdfa0000 - 0x00007ffcfe0a0000 	C:\Windows\System32\ucrtbase.dll
0x00007ffce4220000 - 0x00007ffce4238000 	C:\Users\Andrew\.p2\pool\plugins\org.eclipse.justj.openjdk.hotspot.jre.full.win32.x86_64_15.0.2.v20210201-0955\jre\bin\jli.dll
0x00007ffcf5890000 - 0x00007ffcf58a9000 	C:\Users\Andrew\.p2\pool\plugins\org.eclipse.justj.openjdk.hotspot.jre.full.win32.x86_64_15.0.2.v20210201-0955\jre\bin\VCRUNTIME140.dll
0x00007ffcffce0000 - 0x00007ffcffe80000 	C:\Windows\System32\USER32.dll
0x00007ffcebc10000 - 0x00007ffcebeaa000 	C:\Windows\WinSxS\amd64_microsoft.windows.common-controls_6595b64144ccf1df_6.0.19041.1110_none_60b5254171f9507e\COMCTL32.dll
0x00007ffcfe750000 - 0x00007ffcfe772000 	C:\Windows\System32\win32u.dll
0x00007ffcfeb80000 - 0x00007ffcfec1e000 	C:\Windows\System32\msvcrt.dll
0x00007ffd00430000 - 0x00007ffd0045b000 	C:\Windows\System32\GDI32.dll
0x00007ffcfe1e0000 - 0x00007ffcfe2ed000 	C:\Windows\System32\gdi32full.dll
0x00007ffcfe140000 - 0x00007ffcfe1dd000 	C:\Windows\System32\msvcp_win.dll
0x00007ffcfe780000 - 0x00007ffcfe7b0000 	C:\Windows\System32\IMM32.DLL
0x00007ffcfb370000 - 0x00007ffcfb37c000 	C:\Users\Andrew\.p2\pool\plugins\org.eclipse.justj.openjdk.hotspot.jre.full.win32.x86_64_15.0.2.v20210201-0955\jre\bin\vcruntime140_1.dll
0x00007ffcd65d0000 - 0x00007ffcd6661000 	C:\Users\Andrew\.p2\pool\plugins\org.eclipse.justj.openjdk.hotspot.jre.full.win32.x86_64_15.0.2.v20210201-0955\jre\bin\msvcp140.dll
0x00007ffc8b8e0000 - 0x00007ffc8c43e000 	C:\Users\Andrew\.p2\pool\plugins\org.eclipse.justj.openjdk.hotspot.jre.full.win32.x86_64_15.0.2.v20210201-0955\jre\bin\server\jvm.dll
0x00007ffd00100000 - 0x00007ffd001ae000 	C:\Windows\System32\ADVAPI32.dll
0x00007ffd00650000 - 0x00007ffd006ec000 	C:\Windows\System32\sechost.dll
0x00007ffcff2e0000 - 0x00007ffcff405000 	C:\Windows\System32\RPCRT4.dll
0x00007ffd00280000 - 0x00007ffd00288000 	C:\Windows\System32\PSAPI.DLL
0x00007ffcf4f50000 - 0x00007ffcf4f77000 	C:\Windows\SYSTEM32\WINMM.dll
0x00007ffcdc750000 - 0x00007ffcdc759000 	C:\Windows\SYSTEM32\WSOCK32.dll
0x00007ffcf7210000 - 0x00007ffcf721a000 	C:\Windows\SYSTEM32\VERSION.dll
0x00007ffcffc70000 - 0x00007ffcffcdb000 	C:\Windows\System32\WS2_32.dll
0x00007ffcfbd50000 - 0x00007ffcfbd62000 	C:\Windows\SYSTEM32\kernel.appcore.dll
0x00007ffcfb3d0000 - 0x00007ffcfb3da000 	C:\Users\Andrew\.p2\pool\plugins\org.eclipse.justj.openjdk.hotspot.jre.full.win32.x86_64_15.0.2.v20210201-0955\jre\bin\jimage.dll
0x00007ffcec100000 - 0x00007ffcec2e4000 	C:\Windows\SYSTEM32\DBGHELP.DLL
0x00007ffce53a0000 - 0x00007ffce53cc000 	C:\Windows\SYSTEM32\dbgcore.DLL
0x00007ffcfe3a0000 - 0x00007ffcfe422000 	C:\Windows\System32\bcryptPrimitives.dll
0x00007ffcf9580000 - 0x00007ffcf95a5000 	C:\Users\Andrew\.p2\pool\plugins\org.eclipse.justj.openjdk.hotspot.jre.full.win32.x86_64_15.0.2.v20210201-0955\jre\bin\java.dll
0x00007ffceb330000 - 0x00007ffceb348000 	C:\Users\Andrew\.p2\pool\plugins\org.eclipse.justj.openjdk.hotspot.jre.full.win32.x86_64_15.0.2.v20210201-0955\jre\bin\zip.dll
0x00007ffcff410000 - 0x00007ffcffb54000 	C:\Windows\System32\SHELL32.dll
0x00007ffcfbf50000 - 0x00007ffcfc6e4000 	C:\Windows\SYSTEM32\windows.storage.dll
0x00007ffcfe7c0000 - 0x00007ffcfeb15000 	C:\Windows\System32\combase.dll
0x00007ffcfd890000 - 0x00007ffcfd8be000 	C:\Windows\SYSTEM32\Wldp.dll
0x00007ffcffb60000 - 0x00007ffcffc0d000 	C:\Windows\System32\SHCORE.dll
0x00007ffd00290000 - 0x00007ffd002e5000 	C:\Windows\System32\shlwapi.dll
0x00007ffcfdd80000 - 0x00007ffcfdd9f000 	C:\Windows\SYSTEM32\profapi.dll
0x00007ffc8e5d0000 - 0x00007ffc8e74f000 	C:\Users\Andrew\.p2\pool\plugins\org.eclipse.justj.openjdk.hotspot.jre.full.win32.x86_64_15.0.2.v20210201-0955\jre\bin\awt.dll
0x00007ffd001b0000 - 0x00007ffd0027d000 	C:\Windows\System32\OLEAUT32.dll
0x00007ffcfb5b0000 - 0x00007ffcfb640000 	C:\Windows\SYSTEM32\apphelp.dll
0x00007ffcea9e0000 - 0x00007ffcea9f9000 	C:\Users\Andrew\.p2\pool\plugins\org.eclipse.justj.openjdk.hotspot.jre.full.win32.x86_64_15.0.2.v20210201-0955\jre\bin\net.dll
0x00007ffcf5700000 - 0x00007ffcf580c000 	C:\Windows\SYSTEM32\WINHTTP.dll
0x00007ffcfd5f0000 - 0x00007ffcfd65a000 	C:\Windows\system32\mswsock.dll
0x00007ffce8160000 - 0x00007ffce8172000 	C:\Users\Andrew\.p2\pool\plugins\org.eclipse.justj.openjdk.hotspot.jre.full.win32.x86_64_15.0.2.v20210201-0955\jre\bin\nio.dll
0x00007ffcfba60000 - 0x00007ffcfba8f000 	C:\Windows\system32\DWMAPI.DLL
0x00007ffcfb870000 - 0x00007ffcfb90e000 	C:\Windows\system32\uxtheme.dll
0x00007ffcb00e0000 - 0x00007ffcb0205000 	C:\Windows\system32\opengl32.dll
0x00007ffcafee0000 - 0x00007ffcaff0c000 	C:\Windows\SYSTEM32\GLU32.dll
0x00007ffcfff60000 - 0x00007ffd00076000 	C:\Windows\System32\MSCTF.dll
0x00007ffd00460000 - 0x00007ffd0058a000 	C:\Windows\System32\ole32.dll
0x00007ffcf3fe0000 - 0x00007ffcf41b0000 	C:\Windows\system32\d3d9.dll
0x00007ffcf6110000 - 0x00007ffcf6217000 	C:\Windows\System32\DriverStore\FileRepository\nv_dispui.inf_amd64_9fd475b10ff158a2\nvldumdx.dll
0x00007ffcfda20000 - 0x00007ffcfda32000 	C:\Windows\SYSTEM32\msasn1.dll
0x00007ffcf6ad0000 - 0x00007ffcf6b01000 	C:\Windows\SYSTEM32\cryptnet.dll
0x00007ffcfde40000 - 0x00007ffcfdf96000 	C:\Windows\System32\CRYPT32.dll
0x00007ffcf6680000 - 0x00007ffcf67ca000 	C:\Windows\SYSTEM32\drvstore.dll
0x00007ffcfdbe0000 - 0x00007ffcfdc14000 	C:\Windows\SYSTEM32\devobj.dll
0x00007ffcfe700000 - 0x00007ffcfe74e000 	C:\Windows\System32\cfgmgr32.dll
0x00007ffcfd800000 - 0x00007ffcfd80c000 	C:\Windows\SYSTEM32\cryptbase.dll
0x00007ffcfe0d0000 - 0x00007ffcfe139000 	C:\Windows\System32\WINTRUST.DLL
0x00007ffcfee40000 - 0x00007ffcfee5d000 	C:\Windows\System32\imagehlp.dll
0x00007ffcfd7e0000 - 0x00007ffcfd7f8000 	C:\Windows\SYSTEM32\CRYPTSP.dll
0x00007ffcfcf00000 - 0x00007ffcfcf34000 	C:\Windows\system32\rsaenh.dll
0x00007ffcfe0a0000 - 0x00007ffcfe0c7000 	C:\Windows\System32\bcrypt.dll
0x00007ffc8f210000 - 0x00007ffc90998000 	C:\Windows\System32\DriverStore\FileRepository\nv_dispui.inf_amd64_9fd475b10ff158a2\nvd3dumx.dll
0x00007ffc9b2d0000 - 0x00007ffc9b595000 	C:\Windows\system32\nvspcap64.dll
0x00007ffcfcb30000 - 0x00007ffcfcb63000 	C:\Windows\SYSTEM32\ntmarta.dll
0x00007ffcfc700000 - 0x00007ffcfc723000 	C:\Windows\SYSTEM32\gpapi.dll
0x00007ffcf6900000 - 0x00007ffcf693b000 	C:\Windows\SYSTEM32\dxcore.dll
0x00007ffcda3b0000 - 0x00007ffcda435000 	C:\Users\Andrew\.p2\pool\plugins\org.eclipse.justj.openjdk.hotspot.jre.full.win32.x86_64_15.0.2.v20210201-0955\jre\bin\freetype.dll
0x00007ffcd62b0000 - 0x00007ffcd6359000 	C:\Users\Andrew\.p2\pool\plugins\org.eclipse.justj.openjdk.hotspot.jre.full.win32.x86_64_15.0.2.v20210201-0955\jre\bin\fontmanager.dll
0x00007ffcf2d70000 - 0x00007ffcf2e69000 	C:\Windows\SYSTEM32\textinputframework.dll
0x00007ffcfa9c0000 - 0x00007ffcfad1e000 	C:\Windows\System32\CoreUIComponents.dll
0x00007ffcfb0a0000 - 0x00007ffcfb192000 	C:\Windows\System32\CoreMessaging.dll
0x00007ffcf9960000 - 0x00007ffcf9ab4000 	C:\Windows\SYSTEM32\wintypes.dll
0x00007ffcfdd00000 - 0x00007ffcfdd2e000 	C:\Windows\SYSTEM32\USERENV.dll
0x00007ffcfd290000 - 0x00007ffcfd2cb000 	C:\Windows\SYSTEM32\IPHLPAPI.DLL
0x00007ffcfe7b0000 - 0x00007ffcfe7b8000 	C:\Windows\System32\NSI.dll
0x00007ffcf8510000 - 0x00007ffcf8527000 	C:\Windows\SYSTEM32\dhcpcsvc6.DLL
0x00007ffcf84d0000 - 0x00007ffcf84ed000 	C:\Windows\SYSTEM32\dhcpcsvc.DLL
0x00007ffcfd2e0000 - 0x00007ffcfd3ab000 	C:\Windows\SYSTEM32\DNSAPI.dll
0x0000000061440000 - 0x000000006156b000 	C:\Users\Andrew\AppData\Local\Temp\Aparapi16254028910083821363\libgcc_s_seh-1.dll
0x000000006fc40000 - 0x00000000714f5000 	C:\Users\Andrew\AppData\Local\Temp\Aparapi3266303829778634094\libstdc++-6.dll
0x0000000064500000 - 0x0000000064945000 	C:\Users\Andrew\AppData\Local\Temp\Aparapi3734458041489466304\libaparapi.dll
0x00007ffc8de70000 - 0x00007ffc8dfd8000 	C:\Windows\SYSTEM32\OpenCL.dll
0x00007ffd002f0000 - 0x00007ffd00399000 	C:\Windows\System32\clbcatq.dll
0x00007ffcf8720000 - 0x00007ffcf8819000 	C:\Windows\System32\AppXDeploymentClient.dll
0x00007ffc7b980000 - 0x00007ffc7cbb9000 	C:\Windows\System32\DriverStore\FileRepository\nv_dispui.inf_amd64_9fd475b10ff158a2\nvopencl64.dll
0x00007ffcf4f90000 - 0x00007ffcf56f7000 	C:\Windows\SYSTEM32\nvapi64.dll
0x00007ffcfee60000 - 0x00007ffcff2d2000 	C:\Windows\System32\SETUPAPI.dll
0x00007ffc78d50000 - 0x00007ffc7b976000 	C:\Windows\System32\DriverStore\FileRepository\nv_dispui.inf_amd64_9fd475b10ff158a2\nvcompiler64.dll

dbghelp: loaded successfully - version: 4.0.5 - missing functions: none
symbol engine: initialized successfully - sym options: 0x614 - pdb path: .;C:\Users\Andrew\.p2\pool\plugins\org.eclipse.justj.openjdk.hotspot.jre.full.win32.x86_64_15.0.2.v20210201-0955\jre\bin;C:\Windows\SYSTEM32;C:\Windows\WinSxS\amd64_microsoft.windows.common-controls_6595b64144ccf1df_6.0.19041.1110_none_60b5254171f9507e;C:\Users\Andrew\.p2\pool\plugins\org.eclipse.justj.openjdk.hotspot.jre.full.win32.x86_64_15.0.2.v20210201-0955\jre\bin\server;C:\Windows\System32\DriverStore\FileRepository\nv_dispui.inf_amd64_9fd475b10ff158a2;C:\Users\Andrew\AppData\Local\Temp\Aparapi16254028910083821363;C:\Users\Andrew\AppData\Local\Temp\Aparapi3266303829778634094;C:\Users\Andrew\AppData\Local\Temp\Aparapi3734458041489466304

VM Arguments:
jvm_args: -Dfile.encoding=Cp1252 -XX:+ShowCodeDetailsInExceptionMessages 
java_command: main.Main
java_class_path (initial): C:\My Folder\Github\GPUProjectShowcase\GPUProjectShowcase\bin;C:\My Folder\Github\aparapi\target\classes;C:\Users\Andrew\.m2\repository\com\aparapi\aparapi-jni\1.4.3\aparapi-jni-1.4.3.jar;C:\Users\Andrew\.m2\repository\junit\junit\4.13.2\junit-4.13.2.jar;C:\Users\Andrew\.m2\repository\org\hamcrest\hamcrest-core\1.3\hamcrest-core-1.3.jar;C:\Users\Andrew\.m2\repository\org\apache\bcel\bcel\6.5.0\bcel-6.5.0.jar;C:\Users\Andrew\.m2\repository\org\scala-lang\scala-library\2.13.6\scala-library-2.13.6.jar
Launcher Type: SUN_STANDARD

[Global flags]
     intx CICompilerCount                          = 4                                         {product} {ergonomic}
     uint ConcGCThreads                            = 2                                         {product} {ergonomic}
     uint G1ConcRefinementThreads                  = 8                                         {product} {ergonomic}
   size_t G1HeapRegionSize                         = 2097152                                   {product} {ergonomic}
    uintx GCDrainStackTargetSize                   = 64                                        {product} {ergonomic}
   size_t InitialHeapSize                          = 268435456                                 {product} {ergonomic}
   size_t MarkStackSize                            = 4194304                                   {product} {ergonomic}
   size_t MaxHeapSize                              = 4276092928                                {product} {ergonomic}
   size_t MaxNewSize                               = 2564816896                                {product} {ergonomic}
   size_t MinHeapDeltaBytes                        = 2097152                                   {product} {ergonomic}
   size_t MinHeapSize                              = 8388608                                   {product} {ergonomic}
    uintx NonNMethodCodeHeapSize                   = 5839372                                {pd product} {ergonomic}
    uintx NonProfiledCodeHeapSize                  = 122909434                              {pd product} {ergonomic}
    uintx ProfiledCodeHeapSize                     = 122909434                              {pd product} {ergonomic}
    uintx ReservedCodeCacheSize                    = 251658240                              {pd product} {ergonomic}
     bool SegmentedCodeCache                       = true                                      {product} {ergonomic}
     bool ShowCodeDetailsInExceptionMessages       = true                                   {manageable} {command line}
   size_t SoftMaxHeapSize                          = 4276092928                             {manageable} {ergonomic}
     bool UseCompressedClassPointers               = true                                 {lp64_product} {ergonomic}
     bool UseCompressedOops                        = true                                 {lp64_product} {ergonomic}
     bool UseG1GC                                  = true                                      {product} {ergonomic}
     bool UseLargePagesIndividualAllocation        = false                                  {pd product} {ergonomic}

Logging:
Log output configuration:
 #0: stdout all=warning uptime,level,tags
 #1: stderr all=off uptime,level,tags

Environment Variables:
PATH=C:/Users/Andrew/.p2/pool/plugins/org.eclipse.justj.openjdk.hotspot.jre.full.win32.x86_64_15.0.2.v20210201-0955/jre/bin/server;C:/Users/Andrew/.p2/pool/plugins/org.eclipse.justj.openjdk.hotspot.jre.full.win32.x86_64_15.0.2.v20210201-0955/jre/bin;C:\Program Files\NVIDIA GPU Computing Toolkit\CUDA\v11.6\bin;C:\Program Files\NVIDIA GPU Computing Toolkit\CUDA\v11.6\libnvvp;C:\Program Files (x86)\Common Files\Oracle\Java\javapath;C:\Windows\system32;C:\Windows;C:\Windows\System32\Wbem;C:\Windows\System32\WindowsPowerShell\v1.0\;C:\Windows\System32\OpenSSH\;C:\Program Files\NVIDIA Corporation\NVIDIA NvDLISR;C:\Program Files\NVIDIA Corporation\Nsight Compute 2022.1.0\;C:\Program Files (x86)\NVIDIA Corporation\PhysX\Common;C:\Program Files\MySQL\MySQL Shell 8.0\bin\;C:\Users\Andrew\AppData\Local\Microsoft\WindowsApps;C:\Users\Andrew\AppData\Local\GitHubDesktop\bin;C:\Users\Andrew\AppData\Local\Programs\Microsoft VS Code\bin;C:\msys64\mingw64\bin;;C:\Users\Andrew\Desktop;
USERNAME=Andrew
OS=Windows_NT
PROCESSOR_IDENTIFIER=Intel64 Family 6 Model 165 Stepping 3, GenuineIntel



---------------  S Y S T E M  ---------------

OS:
 Windows 10 , 64 bit Build 19041 (10.0.19041.1503)
OS uptime: 0 days 5:55 hours

CPU: total 8 (initial active 8) (4 cores per cpu, 2 threads per core) family 6 model 165 stepping 3 microcode 0xcc, cmov, cx8, fxsr, mmx, sse, sse2, sse3, ssse3, sse4.1, sse4.2, popcnt, vzeroupper, avx, avx2, aes, clmul, erms, 3dnowpref, lzcnt, ht, tsc, tscinvbit, bmi1, bmi2, adx, fma, clflush, clflushopt

Memory: 4k page, system-wide physical 16310M (9569M free)
TotalPageFile size 29622M (AvailPageFile size 17821M)
current process WorkingSet (physical memory assigned to process): 261M, peak: 261M
current process commit charge ("private bytes"): 586M, peak: 586M

vm_info: OpenJDK 64-Bit Server VM (15.0.2+7-27) for windows-amd64 JRE (15.0.2+7-27), built on Dec  7 2020 20:02:38 by "mach5one" with unknown MS VC++:1925

END.
